This is pdfTeX, Version 3.14159265-2.6-1.40.20 (TeX Live 2019/Debian) (preloaded format=pdflatex 2024.4.30)  14 MAY 2024 21:06
entering extended mode
 \write18 enabled.
 %&-line parsing enabled.
**dissertation
(./dissertation.tex
LaTeX2e <2020-02-02> patch level 2
L3 programming layer <2020-02-14> (./thesis.cls
Document Class: thesis 1996/25/01 1.0g LaTeX document class (wm).
\hours=\count167
\minutes=\count168
(/usr/share/texlive/texmf-dist/tex/latex/base/bk11.clo
File: bk11.clo 2019/12/20 v1.4l Standard LaTeX file (size option)
)
\c@part=\count169
\c@chapter=\count170
\c@section=\count171
\c@subsection=\count172
\c@subsubsection=\count173
\c@paragraph=\count174
\c@subparagraph=\count175
\beforechaptervspace=\skip47
\afterchaptervspace=\skip48
\exampleindent=\skip49
\c@figure=\count176
\c@table=\count177
\abovecaptionskip=\skip50
\belowcaptionskip=\skip51
\bibindent=\dimen134
) (./thesis2.sty)
(/usr/share/texlive/texmf-dist/tex/latex/graphics/graphicx.sty
Package: graphicx 2019/11/30 v1.2a Enhanced LaTeX Graphics (DPC,SPQR)

(/usr/share/texlive/texmf-dist/tex/latex/graphics/keyval.sty
Package: keyval 2014/10/28 v1.15 key=value parser (DPC)
\KV@toks@=\toks14
)
(/usr/share/texlive/texmf-dist/tex/latex/graphics/graphics.sty
Package: graphics 2019/11/30 v1.4a Standard LaTeX Graphics (DPC,SPQR)

(/usr/share/texlive/texmf-dist/tex/latex/graphics/trig.sty
Package: trig 2016/01/03 v1.10 sin cos tan (DPC)
)
(/usr/share/texlive/texmf-dist/tex/latex/graphics-cfg/graphics.cfg
File: graphics.cfg 2016/06/04 v1.11 sample graphics configuration
)
Package graphics Info: Driver file: pdftex.def on input line 105.

(/usr/share/texlive/texmf-dist/tex/latex/graphics-def/pdftex.def
File: pdftex.def 2018/01/08 v1.0l Graphics/color driver for pdftex
))
\Gin@req@height=\dimen135
\Gin@req@width=\dimen136
)
(/usr/share/texlive/texmf-dist/tex/latex/subfig/subfig.sty
Package: subfig 2005/06/28 ver: 1.3 subfig package

(/usr/share/texlive/texmf-dist/tex/latex/caption/caption.sty
Package: caption 2020/01/03 v3.4h Customizing captions (AR)

(/usr/share/texlive/texmf-dist/tex/latex/caption/caption3.sty
Package: caption3 2020/01/03 v1.8h caption3 kernel (AR)
Package caption3 Info: TeX engine: e-TeX on input line 61.
\captionmargin=\dimen137
\captionmargin@=\dimen138
\captionwidth=\dimen139
\caption@tempdima=\dimen140
\caption@indent=\dimen141
\caption@parindent=\dimen142
\caption@hangindent=\dimen143
Package caption Info: thesis document class detected.
Package caption Info: Unknown document class (or package),
(caption)             standard defaults will be used.
Package caption Info: \@makecaption = \long macro:#1#2->\vskip \abovecaptionski
p \setbox \@tempboxa \hbox {{\cph@font #1:} {\cpb@font #2}}\ifdim \wd \@tempbox
a >\hsize \@hangfrom {\cph@font #1: }{\cpb@font #2\par }\else \hbox to\hsize {\
hfil \box \@tempboxa \hfil }\fi \vskip \belowcaptionskip  on input line 1082.
)

Package caption Warning: Unknown document class (or package),
(caption)                standard defaults will be used.
See the caption package documentation for explanation.

\c@caption@flags=\count178
\c@continuedfloat=\count179
)
\c@KVtest=\count180
\sf@farskip=\skip52
\sf@captopadj=\dimen144
\sf@capskip=\skip53
\sf@nearskip=\skip54
\c@subfigure=\count181
\c@subfigure@save=\count182
\c@lofdepth=\count183
\c@subtable=\count184
\c@subtable@save=\count185
\c@lotdepth=\count186
\sf@top=\skip55
\sf@bottom=\skip56
) (/usr/share/texlive/texmf-dist/tex/latex/listings/listings.sty
\lst@mode=\count187
\lst@gtempboxa=\box45
\lst@token=\toks15
\lst@length=\count188
\lst@currlwidth=\dimen145
\lst@column=\count189
\lst@pos=\count190
\lst@lostspace=\dimen146
\lst@width=\dimen147
\lst@newlines=\count191
\lst@lineno=\count192
\lst@maxwidth=\dimen148

(/usr/share/texlive/texmf-dist/tex/latex/listings/lstmisc.sty
File: lstmisc.sty 2019/09/10 1.8c (Carsten Heinz)
\c@lstnumber=\count193
\lst@skipnumbers=\count194
\lst@framebox=\box46
)
(/usr/share/texlive/texmf-dist/tex/latex/listings/listings.cfg
File: listings.cfg 2019/09/10 1.8c listings configuration
))
Package: listings 2019/09/10 1.8c (Carsten Heinz)

(/usr/share/texlive/texmf-dist/tex/latex/comment/comment.sty
\CommentStream=\write3

Excluding comment 'comment')
(/usr/share/texlive/texmf-dist/tex/latex/titling/titling.sty
Package: titling 2009/09/04 v2.1d maketitle typesetting
\thanksmarkwidth=\skip57
\thanksmargin=\skip58
\droptitle=\skip59
)
(/usr/share/texlive/texmf-dist/tex/latex/base/textcomp.sty
Package: textcomp 2020/02/02 v2.0n Standard LaTeX package
)
(/usr/share/texlive/texmf-dist/tex/latex/multirow/multirow.sty
Package: multirow 2019/05/31 v2.5 Span multiple rows of a table
\multirow@colwidth=\skip60
\multirow@cntb=\count195
\multirow@dima=\skip61
\bigstrutjot=\dimen149
)
(/usr/share/texlive/texmf-dist/tex/latex/framed/framed.sty
Package: framed 2011/10/22 v 0.96: framed or shaded text with page breaks
\OuterFrameSep=\skip62
\fb@frw=\dimen150
\fb@frh=\dimen151
\FrameRule=\dimen152
\FrameSep=\dimen153
)
(/usr/share/texlive/texmf-dist/tex/latex/amsmath/amsmath.sty
Package: amsmath 2020/01/20 v2.17e AMS math features
\@mathmargin=\skip63

For additional information on amsmath, use the `?' option.
(/usr/share/texlive/texmf-dist/tex/latex/amsmath/amstext.sty
Package: amstext 2000/06/29 v2.01 AMS text

(/usr/share/texlive/texmf-dist/tex/latex/amsmath/amsgen.sty
File: amsgen.sty 1999/11/30 v2.0 generic functions
\@emptytoks=\toks16
\ex@=\dimen154
))
(/usr/share/texlive/texmf-dist/tex/latex/amsmath/amsbsy.sty
Package: amsbsy 1999/11/29 v1.2d Bold Symbols
\pmbraise@=\dimen155
)
(/usr/share/texlive/texmf-dist/tex/latex/amsmath/amsopn.sty
Package: amsopn 2016/03/08 v2.02 operator names
)
\inf@bad=\count196
LaTeX Info: Redefining \frac on input line 227.
\uproot@=\count197
\leftroot@=\count198
LaTeX Info: Redefining \overline on input line 389.
\classnum@=\count199
\DOTSCASE@=\count266
LaTeX Info: Redefining \ldots on input line 486.
LaTeX Info: Redefining \dots on input line 489.
LaTeX Info: Redefining \cdots on input line 610.
\Mathstrutbox@=\box47
\strutbox@=\box48
\big@size=\dimen156
LaTeX Font Info:    Redeclaring font encoding OML on input line 733.
LaTeX Font Info:    Redeclaring font encoding OMS on input line 734.
\macc@depth=\count267
\c@MaxMatrixCols=\count268
\dotsspace@=\muskip16
\c@parentequation=\count269
\dspbrk@lvl=\count270
\tag@help=\toks17
\row@=\count271
\column@=\count272
\maxfields@=\count273
\andhelp@=\toks18
\eqnshift@=\dimen157
\alignsep@=\dimen158
\tagshift@=\dimen159
\tagwidth@=\dimen160
\totwidth@=\dimen161
\lineht@=\dimen162
\@envbody=\toks19
\multlinegap=\skip64
\multlinetaggap=\skip65
\mathdisplay@stack=\toks20
LaTeX Info: Redefining \[ on input line 2859.
LaTeX Info: Redefining \] on input line 2860.
)
(/usr/share/texlive/texmf-dist/tex/latex/xcolor/xcolor.sty
Package: xcolor 2016/05/11 v2.12 LaTeX color extensions (UK)

(/usr/share/texlive/texmf-dist/tex/latex/graphics-cfg/color.cfg
File: color.cfg 2016/01/02 v1.6 sample color configuration
)
Package xcolor Info: Driver file: pdftex.def on input line 225.
Package xcolor Info: Model `cmy' substituted by `cmy0' on input line 1348.
Package xcolor Info: Model `hsb' substituted by `rgb' on input line 1352.
Package xcolor Info: Model `RGB' extended on input line 1364.
Package xcolor Info: Model `HTML' substituted by `rgb' on input line 1366.
Package xcolor Info: Model `Hsb' substituted by `hsb' on input line 1367.
Package xcolor Info: Model `tHsb' substituted by `hsb' on input line 1368.
Package xcolor Info: Model `HSB' substituted by `hsb' on input line 1369.
Package xcolor Info: Model `Gray' substituted by `gray' on input line 1370.
Package xcolor Info: Model `wave' substituted by `hsb' on input line 1371.
)
(/usr/share/texlive/texmf-dist/tex/latex/algorithmicx/algpseudocode.sty
Package: algpseudocode 

(/usr/share/texlive/texmf-dist/tex/latex/base/ifthen.sty
Package: ifthen 2014/09/29 v1.1c Standard LaTeX ifthen package (DPC)
)
(/usr/share/texlive/texmf-dist/tex/latex/algorithmicx/algorithmicx.sty
Package: algorithmicx 2005/04/27 v1.2 Algorithmicx

Document Style algorithmicx 1.2 - a greatly improved `algorithmic' style
\c@ALG@line=\count274
\c@ALG@rem=\count275
\c@ALG@nested=\count276
\ALG@tlm=\skip66
\ALG@thistlm=\skip67
\c@ALG@Lnr=\count277
\c@ALG@blocknr=\count278
\c@ALG@storecount=\count279
\c@ALG@tmpcounter=\count280
\ALG@tmplength=\skip68
)
Document Style - pseudocode environments for use with the `algorithmicx' style
) (/usr/share/texlive/texmf-dist/tex/latex/algorithms/algorithm.sty
Package: algorithm 2009/08/24 v0.1 Document Style `algorithm' - floating enviro
nment

(/usr/share/texlive/texmf-dist/tex/latex/float/float.sty
Package: float 2001/11/08 v1.3d Float enhancements (AL)
\c@float@type=\count281
\float@exts=\toks21
\float@box=\box49
\@float@everytoks=\toks22
\@floatcapt=\box50
)
\@float@every@algorithm=\toks23
\c@algorithm=\count282
)
(/usr/share/texlive/texmf-dist/tex/latex/pgf/frontendlayer/tikz.sty
(/usr/share/texlive/texmf-dist/tex/latex/pgf/basiclayer/pgf.sty
(/usr/share/texlive/texmf-dist/tex/latex/pgf/utilities/pgfrcs.sty
(/usr/share/texlive/texmf-dist/tex/generic/pgf/utilities/pgfutil-common.tex
\pgfutil@everybye=\toks24
\pgfutil@tempdima=\dimen163
\pgfutil@tempdimb=\dimen164

(/usr/share/texlive/texmf-dist/tex/generic/pgf/utilities/pgfutil-common-lists.t
ex)) (/usr/share/texlive/texmf-dist/tex/generic/pgf/utilities/pgfutil-latex.def
\pgfutil@abb=\box51
(/usr/share/texlive/texmf-dist/tex/latex/ms/everyshi.sty
Package: everyshi 2001/05/15 v3.00 EveryShipout Package (MS)
))
(/usr/share/texlive/texmf-dist/tex/generic/pgf/utilities/pgfrcs.code.tex
(/usr/share/texlive/texmf-dist/tex/generic/pgf/pgf.revision.tex)
Package: pgfrcs 2020/01/08 v3.1.5b (3.1.5b)
))
Package: pgf 2020/01/08 v3.1.5b (3.1.5b)

(/usr/share/texlive/texmf-dist/tex/latex/pgf/basiclayer/pgfcore.sty
(/usr/share/texlive/texmf-dist/tex/latex/pgf/systemlayer/pgfsys.sty
(/usr/share/texlive/texmf-dist/tex/generic/pgf/systemlayer/pgfsys.code.tex
Package: pgfsys 2020/01/08 v3.1.5b (3.1.5b)

(/usr/share/texlive/texmf-dist/tex/generic/pgf/utilities/pgfkeys.code.tex
\pgfkeys@pathtoks=\toks25
\pgfkeys@temptoks=\toks26

(/usr/share/texlive/texmf-dist/tex/generic/pgf/utilities/pgfkeysfiltered.code.t
ex
\pgfkeys@tmptoks=\toks27
))
\pgf@x=\dimen165
\pgf@y=\dimen166
\pgf@xa=\dimen167
\pgf@ya=\dimen168
\pgf@xb=\dimen169
\pgf@yb=\dimen170
\pgf@xc=\dimen171
\pgf@yc=\dimen172
\pgf@xd=\dimen173
\pgf@yd=\dimen174
\w@pgf@writea=\write4
\r@pgf@reada=\read2
\c@pgf@counta=\count283
\c@pgf@countb=\count284
\c@pgf@countc=\count285
\c@pgf@countd=\count286
\t@pgf@toka=\toks28
\t@pgf@tokb=\toks29
\t@pgf@tokc=\toks30
\pgf@sys@id@count=\count287
 (/usr/share/texlive/texmf-dist/tex/generic/pgf/systemlayer/pgf.cfg
File: pgf.cfg 2020/01/08 v3.1.5b (3.1.5b)
)
Driver file for pgf: pgfsys-pdftex.def

(/usr/share/texlive/texmf-dist/tex/generic/pgf/systemlayer/pgfsys-pdftex.def
File: pgfsys-pdftex.def 2020/01/08 v3.1.5b (3.1.5b)

(/usr/share/texlive/texmf-dist/tex/generic/pgf/systemlayer/pgfsys-common-pdf.de
f
File: pgfsys-common-pdf.def 2020/01/08 v3.1.5b (3.1.5b)
)))
(/usr/share/texlive/texmf-dist/tex/generic/pgf/systemlayer/pgfsyssoftpath.code.
tex
File: pgfsyssoftpath.code.tex 2020/01/08 v3.1.5b (3.1.5b)
\pgfsyssoftpath@smallbuffer@items=\count288
\pgfsyssoftpath@bigbuffer@items=\count289
)
(/usr/share/texlive/texmf-dist/tex/generic/pgf/systemlayer/pgfsysprotocol.code.
tex
File: pgfsysprotocol.code.tex 2020/01/08 v3.1.5b (3.1.5b)
))
(/usr/share/texlive/texmf-dist/tex/generic/pgf/basiclayer/pgfcore.code.tex
Package: pgfcore 2020/01/08 v3.1.5b (3.1.5b)

(/usr/share/texlive/texmf-dist/tex/generic/pgf/math/pgfmath.code.tex
(/usr/share/texlive/texmf-dist/tex/generic/pgf/math/pgfmathcalc.code.tex
(/usr/share/texlive/texmf-dist/tex/generic/pgf/math/pgfmathutil.code.tex)
(/usr/share/texlive/texmf-dist/tex/generic/pgf/math/pgfmathparser.code.tex
\pgfmath@dimen=\dimen175
\pgfmath@count=\count290
\pgfmath@box=\box52
\pgfmath@toks=\toks31
\pgfmath@stack@operand=\toks32
\pgfmath@stack@operation=\toks33
)
(/usr/share/texlive/texmf-dist/tex/generic/pgf/math/pgfmathfunctions.code.tex
(/usr/share/texlive/texmf-dist/tex/generic/pgf/math/pgfmathfunctions.basic.code
.tex)
(/usr/share/texlive/texmf-dist/tex/generic/pgf/math/pgfmathfunctions.trigonomet
ric.code.tex)
(/usr/share/texlive/texmf-dist/tex/generic/pgf/math/pgfmathfunctions.random.cod
e.tex)
(/usr/share/texlive/texmf-dist/tex/generic/pgf/math/pgfmathfunctions.comparison
.code.tex)
(/usr/share/texlive/texmf-dist/tex/generic/pgf/math/pgfmathfunctions.base.code.
tex)
(/usr/share/texlive/texmf-dist/tex/generic/pgf/math/pgfmathfunctions.round.code
.tex)
(/usr/share/texlive/texmf-dist/tex/generic/pgf/math/pgfmathfunctions.misc.code.
tex)
(/usr/share/texlive/texmf-dist/tex/generic/pgf/math/pgfmathfunctions.integerari
thmetics.code.tex)))
(/usr/share/texlive/texmf-dist/tex/generic/pgf/math/pgfmathfloat.code.tex
\c@pgfmathroundto@lastzeros=\count291
))
(/usr/share/texlive/texmf-dist/tex/generic/pgf/math/pgfint.code.tex)
(/usr/share/texlive/texmf-dist/tex/generic/pgf/basiclayer/pgfcorepoints.code.te
x
File: pgfcorepoints.code.tex 2020/01/08 v3.1.5b (3.1.5b)
\pgf@picminx=\dimen176
\pgf@picmaxx=\dimen177
\pgf@picminy=\dimen178
\pgf@picmaxy=\dimen179
\pgf@pathminx=\dimen180
\pgf@pathmaxx=\dimen181
\pgf@pathminy=\dimen182
\pgf@pathmaxy=\dimen183
\pgf@xx=\dimen184
\pgf@xy=\dimen185
\pgf@yx=\dimen186
\pgf@yy=\dimen187
\pgf@zx=\dimen188
\pgf@zy=\dimen189
)
(/usr/share/texlive/texmf-dist/tex/generic/pgf/basiclayer/pgfcorepathconstruct.
code.tex
File: pgfcorepathconstruct.code.tex 2020/01/08 v3.1.5b (3.1.5b)
\pgf@path@lastx=\dimen190
\pgf@path@lasty=\dimen191
)
(/usr/share/texlive/texmf-dist/tex/generic/pgf/basiclayer/pgfcorepathusage.code
.tex
File: pgfcorepathusage.code.tex 2020/01/08 v3.1.5b (3.1.5b)
\pgf@shorten@end@additional=\dimen192
\pgf@shorten@start@additional=\dimen193
)
(/usr/share/texlive/texmf-dist/tex/generic/pgf/basiclayer/pgfcorescopes.code.te
x
File: pgfcorescopes.code.tex 2020/01/08 v3.1.5b (3.1.5b)
\pgfpic=\box53
\pgf@hbox=\box54
\pgf@layerbox@main=\box55
\pgf@picture@serial@count=\count292
)
(/usr/share/texlive/texmf-dist/tex/generic/pgf/basiclayer/pgfcoregraphicstate.c
ode.tex
File: pgfcoregraphicstate.code.tex 2020/01/08 v3.1.5b (3.1.5b)
\pgflinewidth=\dimen194
)
(/usr/share/texlive/texmf-dist/tex/generic/pgf/basiclayer/pgfcoretransformation
s.code.tex
File: pgfcoretransformations.code.tex 2020/01/08 v3.1.5b (3.1.5b)
\pgf@pt@x=\dimen195
\pgf@pt@y=\dimen196
\pgf@pt@temp=\dimen197
)
(/usr/share/texlive/texmf-dist/tex/generic/pgf/basiclayer/pgfcorequick.code.tex
File: pgfcorequick.code.tex 2020/01/08 v3.1.5b (3.1.5b)
)
(/usr/share/texlive/texmf-dist/tex/generic/pgf/basiclayer/pgfcoreobjects.code.t
ex
File: pgfcoreobjects.code.tex 2020/01/08 v3.1.5b (3.1.5b)
)
(/usr/share/texlive/texmf-dist/tex/generic/pgf/basiclayer/pgfcorepathprocessing
.code.tex
File: pgfcorepathprocessing.code.tex 2020/01/08 v3.1.5b (3.1.5b)
)
(/usr/share/texlive/texmf-dist/tex/generic/pgf/basiclayer/pgfcorearrows.code.te
x
File: pgfcorearrows.code.tex 2020/01/08 v3.1.5b (3.1.5b)
\pgfarrowsep=\dimen198
)
(/usr/share/texlive/texmf-dist/tex/generic/pgf/basiclayer/pgfcoreshade.code.tex
File: pgfcoreshade.code.tex 2020/01/08 v3.1.5b (3.1.5b)
\pgf@max=\dimen199
\pgf@sys@shading@range@num=\count293
\pgf@shadingcount=\count294
)
(/usr/share/texlive/texmf-dist/tex/generic/pgf/basiclayer/pgfcoreimage.code.tex
File: pgfcoreimage.code.tex 2020/01/08 v3.1.5b (3.1.5b)

(/usr/share/texlive/texmf-dist/tex/generic/pgf/basiclayer/pgfcoreexternal.code.
tex
File: pgfcoreexternal.code.tex 2020/01/08 v3.1.5b (3.1.5b)
\pgfexternal@startupbox=\box56
))
(/usr/share/texlive/texmf-dist/tex/generic/pgf/basiclayer/pgfcorelayers.code.te
x
File: pgfcorelayers.code.tex 2020/01/08 v3.1.5b (3.1.5b)
)
(/usr/share/texlive/texmf-dist/tex/generic/pgf/basiclayer/pgfcoretransparency.c
ode.tex
File: pgfcoretransparency.code.tex 2020/01/08 v3.1.5b (3.1.5b)
)
(/usr/share/texlive/texmf-dist/tex/generic/pgf/basiclayer/pgfcorepatterns.code.
tex
File: pgfcorepatterns.code.tex 2020/01/08 v3.1.5b (3.1.5b)
)
(/usr/share/texlive/texmf-dist/tex/generic/pgf/basiclayer/pgfcorerdf.code.tex
File: pgfcorerdf.code.tex 2020/01/08 v3.1.5b (3.1.5b)
)))
(/usr/share/texlive/texmf-dist/tex/generic/pgf/modules/pgfmoduleshapes.code.tex
File: pgfmoduleshapes.code.tex 2020/01/08 v3.1.5b (3.1.5b)
\pgfnodeparttextbox=\box57
) (/usr/share/texlive/texmf-dist/tex/generic/pgf/modules/pgfmoduleplot.code.tex
File: pgfmoduleplot.code.tex 2020/01/08 v3.1.5b (3.1.5b)
)
(/usr/share/texlive/texmf-dist/tex/latex/pgf/compatibility/pgfcomp-version-0-65
.sty
Package: pgfcomp-version-0-65 2020/01/08 v3.1.5b (3.1.5b)
\pgf@nodesepstart=\dimen256
\pgf@nodesepend=\dimen257
)
(/usr/share/texlive/texmf-dist/tex/latex/pgf/compatibility/pgfcomp-version-1-18
.sty
Package: pgfcomp-version-1-18 2020/01/08 v3.1.5b (3.1.5b)
)) (/usr/share/texlive/texmf-dist/tex/latex/pgf/utilities/pgffor.sty
(/usr/share/texlive/texmf-dist/tex/latex/pgf/utilities/pgfkeys.sty
(/usr/share/texlive/texmf-dist/tex/generic/pgf/utilities/pgfkeys.code.tex))
(/usr/share/texlive/texmf-dist/tex/latex/pgf/math/pgfmath.sty
(/usr/share/texlive/texmf-dist/tex/generic/pgf/math/pgfmath.code.tex))
(/usr/share/texlive/texmf-dist/tex/generic/pgf/utilities/pgffor.code.tex
Package: pgffor 2020/01/08 v3.1.5b (3.1.5b)

(/usr/share/texlive/texmf-dist/tex/generic/pgf/math/pgfmath.code.tex)
\pgffor@iter=\dimen258
\pgffor@skip=\dimen259
\pgffor@stack=\toks34
\pgffor@toks=\toks35
))
(/usr/share/texlive/texmf-dist/tex/generic/pgf/frontendlayer/tikz/tikz.code.tex
Package: tikz 2020/01/08 v3.1.5b (3.1.5b)

(/usr/share/texlive/texmf-dist/tex/generic/pgf/libraries/pgflibraryplothandlers
.code.tex
File: pgflibraryplothandlers.code.tex 2020/01/08 v3.1.5b (3.1.5b)
\pgf@plot@mark@count=\count295
\pgfplotmarksize=\dimen260
)
\tikz@lastx=\dimen261
\tikz@lasty=\dimen262
\tikz@lastxsaved=\dimen263
\tikz@lastysaved=\dimen264
\tikz@lastmovetox=\dimen265
\tikz@lastmovetoy=\dimen266
\tikzleveldistance=\dimen267
\tikzsiblingdistance=\dimen268
\tikz@figbox=\box58
\tikz@figbox@bg=\box59
\tikz@tempbox=\box60
\tikz@tempbox@bg=\box61
\tikztreelevel=\count296
\tikznumberofchildren=\count297
\tikznumberofcurrentchild=\count298
\tikz@fig@count=\count299

(/usr/share/texlive/texmf-dist/tex/generic/pgf/modules/pgfmodulematrix.code.tex
File: pgfmodulematrix.code.tex 2020/01/08 v3.1.5b (3.1.5b)
\pgfmatrixcurrentrow=\count300
\pgfmatrixcurrentcolumn=\count301
\pgf@matrix@numberofcolumns=\count302
)
\tikz@expandcount=\count303

(/usr/share/texlive/texmf-dist/tex/generic/pgf/frontendlayer/tikz/libraries/tik
zlibrarytopaths.code.tex
File: tikzlibrarytopaths.code.tex 2020/01/08 v3.1.5b (3.1.5b)
)))
(/usr/share/texlive/texmf-dist/tex/latex/hyperref/hyperref.sty
Package: hyperref 2020/01/14 v7.00d Hypertext links for LaTeX

(/usr/share/texlive/texmf-dist/tex/generic/ltxcmds/ltxcmds.sty
Package: ltxcmds 2019/12/15 v1.24 LaTeX kernel commands for general use (HO)
)
(/usr/share/texlive/texmf-dist/tex/generic/iftex/iftex.sty
Package: iftex 2019/11/07 v1.0c TeX engine tests
)
(/usr/share/texlive/texmf-dist/tex/latex/pdftexcmds/pdftexcmds.sty
Package: pdftexcmds 2019/11/24 v0.31 Utility functions of pdfTeX for LuaTeX (HO
)

(/usr/share/texlive/texmf-dist/tex/generic/infwarerr/infwarerr.sty
Package: infwarerr 2019/12/03 v1.5 Providing info/warning/error messages (HO)
)
Package pdftexcmds Info: \pdf@primitive is available.
Package pdftexcmds Info: \pdf@ifprimitive is available.
Package pdftexcmds Info: \pdfdraftmode found.
)
(/usr/share/texlive/texmf-dist/tex/generic/kvsetkeys/kvsetkeys.sty
Package: kvsetkeys 2019/12/15 v1.18 Key value parser (HO)
)
(/usr/share/texlive/texmf-dist/tex/generic/kvdefinekeys/kvdefinekeys.sty
Package: kvdefinekeys 2019-12-19 v1.6 Define keys (HO)
)
(/usr/share/texlive/texmf-dist/tex/generic/pdfescape/pdfescape.sty
Package: pdfescape 2019/12/09 v1.15 Implements pdfTeX's escape features (HO)
)
(/usr/share/texlive/texmf-dist/tex/latex/hycolor/hycolor.sty
Package: hycolor 2020-01-27 v1.10 Color options for hyperref/bookmark (HO)
)
(/usr/share/texlive/texmf-dist/tex/latex/letltxmacro/letltxmacro.sty
Package: letltxmacro 2019/12/03 v1.6 Let assignment for LaTeX macros (HO)
)
(/usr/share/texlive/texmf-dist/tex/latex/auxhook/auxhook.sty
Package: auxhook 2019-12-17 v1.6 Hooks for auxiliary files (HO)
)
(/usr/share/texlive/texmf-dist/tex/latex/kvoptions/kvoptions.sty
Package: kvoptions 2019/11/29 v3.13 Key value format for package options (HO)
)
\@linkdim=\dimen269
\Hy@linkcounter=\count304
\Hy@pagecounter=\count305

(/usr/share/texlive/texmf-dist/tex/latex/hyperref/pd1enc.def
File: pd1enc.def 2020/01/14 v7.00d Hyperref: PDFDocEncoding definition (HO)
Now handling font encoding PD1 ...
... no UTF-8 mapping file for font encoding PD1
)
(/usr/share/texlive/texmf-dist/tex/generic/intcalc/intcalc.sty
Package: intcalc 2019/12/15 v1.3 Expandable calculations with integers (HO)
)
(/usr/share/texlive/texmf-dist/tex/generic/etexcmds/etexcmds.sty
Package: etexcmds 2019/12/15 v1.7 Avoid name clashes with e-TeX commands (HO)
)
\Hy@SavedSpaceFactor=\count306
\pdfmajorversion=\count307
Package hyperref Info: Hyper figures OFF on input line 4547.
Package hyperref Info: Link nesting OFF on input line 4552.
Package hyperref Info: Hyper index ON on input line 4555.
Package hyperref Info: Plain pages OFF on input line 4562.
Package hyperref Info: Backreferencing OFF on input line 4567.
Package hyperref Info: Implicit mode ON; LaTeX internals redefined.
Package hyperref Info: Bookmarks ON on input line 4800.
\c@Hy@tempcnt=\count308

(/usr/share/texlive/texmf-dist/tex/latex/url/url.sty
\Urlmuskip=\muskip17
Package: url 2013/09/16  ver 3.4  Verb mode for urls, etc.
)
LaTeX Info: Redefining \url on input line 5159.
\XeTeXLinkMargin=\dimen270

(/usr/share/texlive/texmf-dist/tex/generic/bitset/bitset.sty
Package: bitset 2019/12/09 v1.3 Handle bit-vector datatype (HO)

(/usr/share/texlive/texmf-dist/tex/generic/bigintcalc/bigintcalc.sty
Package: bigintcalc 2019/12/15 v1.5 Expandable calculations on big integers (HO
)
))
\Fld@menulength=\count309
\Field@Width=\dimen271
\Fld@charsize=\dimen272
Package hyperref Info: Hyper figures OFF on input line 6430.
Package hyperref Info: Link nesting OFF on input line 6435.
Package hyperref Info: Hyper index ON on input line 6438.
Package hyperref Info: backreferencing OFF on input line 6445.
Package hyperref Info: Link coloring OFF on input line 6450.
Package hyperref Info: Link coloring with OCG OFF on input line 6455.
Package hyperref Info: PDF/A mode OFF on input line 6460.
LaTeX Info: Redefining \ref on input line 6500.
LaTeX Info: Redefining \pageref on input line 6504.

(/usr/share/texlive/texmf-dist/tex/generic/atbegshi/atbegshi.sty
Package: atbegshi 2019/12/05 v1.19 At begin shipout hook (HO)
)
\Hy@abspage=\count310
\c@Item=\count311
\c@Hfootnote=\count312
)
Package hyperref Info: Driver (autodetected): hpdftex.

(/usr/share/texlive/texmf-dist/tex/latex/hyperref/hpdftex.def
File: hpdftex.def 2020/01/14 v7.00d Hyperref driver for pdfTeX

(/usr/share/texlive/texmf-dist/tex/latex/atveryend/atveryend.sty
Package: atveryend 2019-12-11 v1.11 Hooks at the very end of document (HO)
Package atveryend Info: \enddocument detected (standard20110627).
)
\Fld@listcount=\count313
\c@bookmark@seq@number=\count314

(/usr/share/texlive/texmf-dist/tex/latex/rerunfilecheck/rerunfilecheck.sty
Package: rerunfilecheck 2019/12/05 v1.9 Rerun checks for auxiliary files (HO)

(/usr/share/texlive/texmf-dist/tex/generic/uniquecounter/uniquecounter.sty
Package: uniquecounter 2019/12/15 v1.4 Provide unlimited unique counter (HO)
)
Package uniquecounter Info: New unique counter `rerunfilecheck' on input line 2
86.
)
\Hy@SectionHShift=\skip69
)
(/usr/share/texlive/texmf-dist/tex/latex/enumitem/enumitem.sty
Package: enumitem 2019/06/20 v3.9 Customized lists
\labelindent=\skip70
\enit@outerparindent=\dimen273
\enit@toks=\toks36
\enit@inbox=\box62
\enit@count@id=\count315
\enitdp@description=\count316
)
(/usr/share/texlive/texmf-dist/tex/latex/amsfonts/amssymb.sty
Package: amssymb 2013/01/14 v3.01 AMS font symbols

(/usr/share/texlive/texmf-dist/tex/latex/amsfonts/amsfonts.sty
Package: amsfonts 2013/01/14 v3.01 Basic AMSFonts support
\symAMSa=\mathgroup4
\symAMSb=\mathgroup5
LaTeX Font Info:    Redeclaring math symbol \hbar on input line 98.
LaTeX Font Info:    Overwriting math alphabet `\mathfrak' in version `bold'
(Font)                  U/euf/m/n --> U/euf/b/n on input line 106.
))
(/usr/share/texlive/texmf-dist/tex/latex/microtype/microtype.sty
Package: microtype 2019/11/18 v2.7d Micro-typographical refinements (RS)
\MT@toks=\toks37
\MT@count=\count317
LaTeX Info: Redefining \textls on input line 790.
\MT@outer@kern=\dimen274
LaTeX Info: Redefining \textmicrotypecontext on input line 1354.
\MT@listname@count=\count318

(/usr/share/texlive/texmf-dist/tex/latex/microtype/microtype-pdftex.def
File: microtype-pdftex.def 2019/11/18 v2.7d Definitions specific to pdftex (RS)

LaTeX Info: Redefining \lsstyle on input line 914.
LaTeX Info: Redefining \lslig on input line 914.
\MT@outer@space=\skip71
)
Package microtype Info: Loading configuration file microtype.cfg.

(/usr/share/texlive/texmf-dist/tex/latex/microtype/microtype.cfg
File: microtype.cfg 2019/11/18 v2.7d microtype main configuration file (RS)
))
(/usr/share/texlive/texmf-dist/tex/latex/tools/tabularx.sty
Package: tabularx 2020/01/15 v2.11c `tabularx' package (DPC)

(/usr/share/texlive/texmf-dist/tex/latex/tools/array.sty
Package: array 2019/08/31 v2.4l Tabular extension package (FMi)
\col@sep=\dimen275
\ar@mcellbox=\box63
\extrarowheight=\dimen276
\NC@list=\toks38
\extratabsurround=\skip72
\backup@length=\skip73
\ar@cellbox=\box64
)
\TX@col@width=\dimen277
\TX@old@table=\dimen278
\TX@old@col=\dimen279
\TX@target=\dimen280
\TX@delta=\dimen281
\TX@cols=\count319
\TX@ftn=\toks39
)
(/usr/share/texlive/texmf-dist/tex/generic/ulem/ulem.sty
\UL@box=\box65
\UL@hyphenbox=\box66
\UL@skip=\skip74
\UL@hook=\toks40
\UL@height=\dimen282
\UL@pe=\count320
\UL@pixel=\dimen283
\ULC@box=\box67
Package: ulem 2019/11/18
\ULdepth=\dimen284
)
(/usr/share/texlive/texmf-dist/tex/latex/etoolbox/etoolbox.sty
Package: etoolbox 2019/09/21 v2.5h e-TeX tools for LaTeX (JAW)
\etb@tempcnta=\count321
)
(/usr/share/texlive/texmf-dist/tex/latex/setspace/setspace.sty
Package: setspace 2011/12/19 v6.7a set line spacing
)
(/usr/share/texlive/texmf-dist/tex/latex/pdfpages/pdfpages.sty
Package: pdfpages 2020/01/28 v0.5q Insert pages of external PDF documents (AM)

(/usr/share/texlive/texmf-dist/tex/latex/tools/calc.sty
Package: calc 2017/05/25 v4.3 Infix arithmetic (KKT,FJ)
\calc@Acount=\count322
\calc@Bcount=\count323
\calc@Adimen=\dimen285
\calc@Bdimen=\dimen286
\calc@Askip=\skip75
\calc@Bskip=\skip76
LaTeX Info: Redefining \setlength on input line 80.
LaTeX Info: Redefining \addtolength on input line 81.
\calc@Ccount=\count324
\calc@Cskip=\skip77
)
(/usr/share/texlive/texmf-dist/tex/latex/eso-pic/eso-pic.sty
Package: eso-pic 2018/04/12 v2.0h eso-pic (RN)
)
\AM@pagewidth=\dimen287
\AM@pageheight=\dimen288

(/usr/share/texlive/texmf-dist/tex/latex/pdfpages/pppdftex.def
File: pppdftex.def 2020/01/28 v0.5q Pdfpages driver for pdfTeX (AM)
)
\AM@pagebox=\box68
\AM@global@opts=\toks41
\AM@pagecnt=\count325
\AM@toc@title=\toks42
\c@AM@survey=\count326
\AM@templatesizebox=\box69
)
(/usr/share/texlive/texmf-dist/tex/latex/tools/multicol.sty
Package: multicol 2019/12/09 v1.8y multicolumn formatting (FMi)
\c@tracingmulticols=\count327
\mult@box=\box70
\multicol@leftmargin=\dimen289
\c@unbalance=\count328
\c@collectmore=\count329
\doublecol@number=\count330
\multicoltolerance=\count331
\multicolpretolerance=\count332
\full@width=\dimen290
\page@free=\dimen291
\premulticols=\dimen292
\postmulticols=\dimen293
\multicolsep=\skip78
\multicolbaselineskip=\skip79
\partial@page=\box71
\last@line=\box72
\maxbalancingoverflow=\dimen294
\mult@rightbox=\box73
\mult@grightbox=\box74
\mult@gfirstbox=\box75
\mult@firstbox=\box76
\@tempa=\box77
\@tempa=\box78
\@tempa=\box79
\@tempa=\box80
\@tempa=\box81
\@tempa=\box82
\@tempa=\box83
\@tempa=\box84
\@tempa=\box85
\@tempa=\box86
\@tempa=\box87
\@tempa=\box88
\@tempa=\box89
\@tempa=\box90
\@tempa=\box91
\@tempa=\box92
\@tempa=\box93
\@tempa=\box94
\@tempa=\box95
\@tempa=\box96
\@tempa=\box97
\@tempa=\box98
\@tempa=\box99
\@tempa=\box100
\@tempa=\box101
\@tempa=\box102
\@tempa=\box103
\@tempa=\box104
\@tempa=\box105
\@tempa=\box106
\@tempa=\box107
\@tempa=\box108
\@tempa=\box109
\@tempa=\box110
\@tempa=\box111
\@tempa=\box112
\@tempa=\box113
\c@minrows=\count333
\c@columnbadness=\count334
\c@finalcolumnbadness=\count335
\last@try=\dimen295
\multicolovershoot=\dimen296
\multicolundershoot=\dimen297
\mult@nat@firstbox=\box114
\colbreak@box=\box115
\mc@col@check@num=\count336
) (./defs.tex)
(/usr/share/texlive/texmf-dist/tex/latex/l3backend/l3backend-pdfmode.def
File: l3backend-pdfmode.def 2020-02-03 L3 backend support: PDF mode
\l__kernel_color_stack_int=\count337
\l__pdf_internal_box=\box116
)
(./dissertation.aux

LaTeX Warning: Label `tab:workloads' multiply defined.


LaTeX Warning: Label `sec:impl' multiply defined.


LaTeX Warning: Label `fig:ow-scaling' multiply defined.


LaTeX Warning: Label `sec:related' multiply defined.


LaTeX Warning: Label `sec:design' multiply defined.


LaTeX Warning: Label `fig:sys-diag' multiply defined.


LaTeX Warning: Label `sec:impl' multiply defined.


LaTeX Warning: Label `sec:eval' multiply defined.

)
\openout1 = `dissertation.aux'.

LaTeX Font Info:    Checking defaults for OML/cmm/m/it on input line 36.
LaTeX Font Info:    ... okay on input line 36.
LaTeX Font Info:    Checking defaults for OMS/cmsy/m/n on input line 36.
LaTeX Font Info:    ... okay on input line 36.
LaTeX Font Info:    Checking defaults for OT1/cmr/m/n on input line 36.
LaTeX Font Info:    ... okay on input line 36.
LaTeX Font Info:    Checking defaults for T1/cmr/m/n on input line 36.
LaTeX Font Info:    ... okay on input line 36.
LaTeX Font Info:    Checking defaults for TS1/cmr/m/n on input line 36.
LaTeX Font Info:    ... okay on input line 36.
LaTeX Font Info:    Checking defaults for OMX/cmex/m/n on input line 36.
LaTeX Font Info:    ... okay on input line 36.
LaTeX Font Info:    Checking defaults for U/cmr/m/n on input line 36.
LaTeX Font Info:    ... okay on input line 36.
LaTeX Font Info:    Checking defaults for PD1/pdf/m/n on input line 36.
LaTeX Font Info:    ... okay on input line 36.
 (/usr/share/texlive/texmf-dist/tex/context/base/mkii/supp-pdf.mkii
[Loading MPS to PDF converter (version 2006.09.02).]
\scratchcounter=\count338
\scratchdimen=\dimen298
\scratchbox=\box117
\nofMPsegments=\count339
\nofMParguments=\count340
\everyMPshowfont=\toks43
\MPscratchCnt=\count341
\MPscratchDim=\dimen299
\MPnumerator=\count342
\makeMPintoPDFobject=\count343
\everyMPtoPDFconversion=\toks44
) (/usr/share/texlive/texmf-dist/tex/latex/epstopdf-pkg/epstopdf-base.sty
Package: epstopdf-base 2020-01-24 v2.11 Base part for package epstopdf
Package epstopdf-base Info: Redefining graphics rule for `.eps' on input line 4
85.

(/usr/share/texlive/texmf-dist/tex/latex/latexconfig/epstopdf-sys.cfg
File: epstopdf-sys.cfg 2010/07/13 v1.3 Configuration of (r)epstopdf for TeX Liv
e
))
Package caption Info: Begin \AtBeginDocument code.
Package caption Info: subfig package v1.3 is loaded.
Package caption Info: float package is loaded.
Package caption Info: hyperref package is loaded.
Package caption Info: listings package is loaded.
Package caption Info: End \AtBeginDocument code.
\c@lstlisting=\count344

ABD: EveryShipout initializing macros
\AtBeginShipoutBox=\box118
Package hyperref Info: Link coloring OFF on input line 36.

(/usr/share/texlive/texmf-dist/tex/latex/hyperref/nameref.sty
Package: nameref 2019/09/16 v2.46 Cross-referencing by name of section

(/usr/share/texlive/texmf-dist/tex/latex/refcount/refcount.sty
Package: refcount 2019/12/15 v3.6 Data extraction from label references (HO)
)
(/usr/share/texlive/texmf-dist/tex/generic/gettitlestring/gettitlestring.sty
Package: gettitlestring 2019/12/15 v1.6 Cleanup title references (HO)
)
\c@section@level=\count345
)
LaTeX Info: Redefining \ref on input line 36.
LaTeX Info: Redefining \pageref on input line 36.
LaTeX Info: Redefining \nameref on input line 36.

(./dissertation.out) (./dissertation.out)
\@outlinefile=\write5
\openout5 = `dissertation.out'.

LaTeX Info: Redefining \microtypecontext on input line 36.
Package microtype Info: Generating PDF output.
Package microtype Info: Character protrusion enabled (level 2).
Package microtype Info: Using default protrusion set `alltext'.
Package microtype Info: Automatic font expansion enabled (level 2),
(microtype)             stretch: 20, shrink: 20, step: 1, non-selected.
Package microtype Info: Using default expansion set `basictext'.
LaTeX Info: Redefining \showhyphens on input line 36.
Package microtype Info: No adjustment of tracking.
Package microtype Info: No adjustment of interword spacing.
Package microtype Info: No adjustment of character kerning.

(/usr/share/texlive/texmf-dist/tex/latex/microtype/mt-cmr.cfg
File: mt-cmr.cfg 2013/05/19 v2.2 microtype config. file: Computer Modern Roman 
(RS)
)
(/usr/share/texlive/texmf-dist/tex/latex/pdflscape/pdflscape.sty
Package: pdflscape 2019/12/05 v0.12 Display of landscape pages in PDF (HO)

(/usr/share/texlive/texmf-dist/tex/latex/graphics/lscape.sty
Package: lscape 2000/10/22 v3.01 Landscape Pages (DPC)
)
Package pdflscape Info: Auto-detected driver: pdftex on input line 81.
) [1

{/var/lib/texmf/fonts/map/pdftex/updmap/pdftex.map}]
LaTeX Font Info:    Trying to load font information for U+msa on input line 61.


(/usr/share/texlive/texmf-dist/tex/latex/amsfonts/umsa.fd
File: umsa.fd 2013/01/14 v3.01 AMS symbols A
)
(/usr/share/texlive/texmf-dist/tex/latex/microtype/mt-msa.cfg
File: mt-msa.cfg 2006/02/04 v1.1 microtype config. file: AMS symbols (a) (RS)
)
LaTeX Font Info:    Trying to load font information for U+msb on input line 61.


(/usr/share/texlive/texmf-dist/tex/latex/amsfonts/umsb.fd
File: umsb.fd 2013/01/14 v3.01 AMS symbols B
)
(/usr/share/texlive/texmf-dist/tex/latex/microtype/mt-msb.cfg
File: mt-msb.cfg 2005/06/01 v1.0 microtype config. file: AMS symbols (b) (RS)
)
Underfull \hbox (badness 10000) detected at line 61
[] 
 []

[2] [3] (./dedication.tex) [4] (./acknowledge.tex) [5

] (./abstract.tex [6

]
[7]) (./dissertation.toc [8

] [9] [10])
\tf@toc=\write6
\openout6 = `dissertation.toc'.

 [11] (./dissertation.lot)
\tf@lot=\write7
\openout7 = `dissertation.lot'.

 [12

]
(./dissertation.lof [13

] [14]
Package microtype Info: Loading generic protrusion settings for font family
(microtype)             `cmtt' (encoding: OT1).
(microtype)             For optimal results, create family-specific settings.
(microtype)             See the microtype manual for details.
)
\tf@lof=\write8
\openout8 = `dissertation.lof'.

 [15] (./abbreviations.tex
Underfull \hbox (badness 10000) in paragraph at lines 2--75

 []


Underfull \vbox (badness 10000) has occurred while \output is active []

 [16

]
Underfull \vbox (badness 10000) has occurred while \output is active []

 [17])
[18] (./introduction/intro.tex
Chapter 1.
[1

] [2]
<introduction/figs/faas-labeled.pdf, id=806, 578.16pt x 469.755pt>
File: introduction/figs/faas-labeled.pdf Graphic file (type pdf)
<use introduction/figs/faas-labeled.pdf>
Package pdftex.def Info: introduction/figs/faas-labeled.pdf  used on input line
 74.
(pdftex.def)             Requested size: 433.62pt x 352.31538pt.

Underfull \vbox (badness 1688) has occurred while \output is active []

 [3]
[4 <./introduction/figs/faas-labeled.pdf>] [5] [6]
Underfull \vbox (badness 1688) has occurred while \output is active []

 [7]
Underfull \vbox (badness 1688) has occurred while \output is active []

 [8])
(./serverless/serverless.tex [9]
Chapter 2.
(./serverless/background.tex
<./figures/sys-diag.pdf, id=986, 722.7pt x 505.89pt>
File: ./figures/sys-diag.pdf Graphic file (type pdf)
<use ./figures/sys-diag.pdf>
Package pdftex.def Info: ./figures/sys-diag.pdf  used on input line 6.
(pdftex.def)             Requested size: 390.25534pt x 273.17651pt.

(/usr/share/texlive/texmf-dist/tex/latex/listings/lstlang1.sty
File: lstlang1.sty 2019/09/10 1.8c listings language file
)
Package microtype Info: Loading generic protrusion settings for font family
(microtype)             `cmss' (encoding: OT1).
(microtype)             For optimal results, create family-specific settings.
(microtype)             See the microtype manual for details.
LaTeX Font Info:    Font shape `OT1/cmss/m/it' in size <9> not available
(Font)              Font shape `OT1/cmss/m/sl' tried instead on input line 27.
 [10

] [11 <./figures/sys-diag.pdf>] Excluding 'comment' comment. [12] [13]
Underfull \vbox (badness 3977) has occurred while \output is active []

 [14]
<serverless/figs/vms.png, id=1072, 542.025pt x 415.5525pt>
File: serverless/figs/vms.png Graphic file (type png)
<use serverless/figs/vms.png>
Package pdftex.def Info: serverless/figs/vms.png  used on input line 171.
(pdftex.def)             Requested size: 216.81pt x 166.21805pt.
<serverless/figs/containers.png, id=1074, 722.7pt x 361.35pt>
File: serverless/figs/containers.png Graphic file (type png)
<use serverless/figs/containers.png>
Package pdftex.def Info: serverless/figs/containers.png  used on input line 172
.
(pdftex.def)             Requested size: 216.81pt x 108.40584pt.

Overfull \hbox (7.29999pt too wide) in paragraph at lines 171--173
[][][][] 
 []

)
Underfull \vbox (badness 1377) has occurred while \output is active []

 [15 <./serverless/figs/vms.png> <./serverless/figs/containers.png>]
(./serverless/related.tex [16]
<./figures/wild-invocations.png, id=1100, 424.58624pt x 207.77625pt>
File: ./figures/wild-invocations.png Graphic file (type png)
<use ./figures/wild-invocations.png>
Package pdftex.def Info: ./figures/wild-invocations.png  used on input line 30.

(pdftex.def)             Requested size: 260.17464pt x 127.3235pt.
 Excluding 'comment' comment. [17 <./figures/wild-invocations.png>] [18] [19] E
xcluding 'comment' comment. [20] [21]))
(./faascache/faascache.tex [22]
Chapter 3.
[23

] (./faascache/related.tex [24] Excluding 'comment' comment.
Excluding 'comment' comment.) (./faascache/bg.tex [25])
(./faascache/tradeoffs.tex [26]
<faascache/faas-keepalive-20/figures/ow-timeline.pdf, id=1355, 901.3675pt x 200
.75pt>
File: faascache/faas-keepalive-20/figures/ow-timeline.pdf Graphic file (type pd
f)
<use faascache/faas-keepalive-20/figures/ow-timeline.pdf>
Package pdftex.def Info: faascache/faas-keepalive-20/figures/ow-timeline.pdf  u
sed on input line 44.
(pdftex.def)             Requested size: 346.89731pt x 77.25987pt.

Underfull \vbox (badness 10000) has occurred while \output is active []

 [27]
Excluding 'comment' comment.
Underfull \vbox (badness 3417) has occurred while \output is active []

 [28 <./faascache/faas-keepalive-20/figures/ow-timeline.pdf>] [29] [30])
(./faascache/gd.tex Excluding 'comment' comment. [31] [32] [33]
Underfull \vbox (badness 10000) has occurred while \output is active []

 [34]
[35]) (./faascache/provision.tex
Underfull \vbox (badness 4647) has occurred while \output is active []

 [36]
[37]
<faascache/faas-keepalive-20/graphs/rep-funcs-392/hit-ratio-392-b.pdf, id=1459,
 423.41437pt x 347.49857pt>
File: faascache/faas-keepalive-20/graphs/rep-funcs-392/hit-ratio-392-b.pdf Grap
hic file (type pdf)
<use faascache/faas-keepalive-20/graphs/rep-funcs-392/hit-ratio-392-b.pdf>
Package pdftex.def Info: faascache/faas-keepalive-20/graphs/rep-funcs-392/hit-r
atio-392-b.pdf  used on input line 73.
(pdftex.def)             Requested size: 216.81pt x 177.93773pt.
 [38] [39 <./faascache/faas-keepalive-20/graphs/rep-funcs-392/hit-ratio-392-b.p
df>] [40]) (./faascache/impl.tex
<faascache/faas-keepalive-20/figures/faascache.pdf, id=1495, 636.3775pt x 144.5
4pt>
File: faascache/faas-keepalive-20/figures/faascache.pdf Graphic file (type pdf)

<use faascache/faas-keepalive-20/figures/faascache.pdf>
Package pdftex.def Info: faascache/faas-keepalive-20/figures/faascache.pdf  use
d on input line 7.
(pdftex.def)             Requested size: 346.89731pt x 78.78926pt.
 [41 <./faascache/faas-keepalive-20/figures/faascache.pdf>] [42]) (./faascache/
eval.tex
<faascache/faas-keepalive-20/graphs/rep-funcs-392/exec_inc_mem-392-legend.pdf, 
id=1537, 458.33403pt x 247.43536pt>
File: faascache/faas-keepalive-20/graphs/rep-funcs-392/exec_inc_mem-392-legend.
pdf Graphic file (type pdf)
<use faascache/faas-keepalive-20/graphs/rep-funcs-392/exec_inc_mem-392-legend.p
df>
Package pdftex.def Info: faascache/faas-keepalive-20/graphs/rep-funcs-392/exec_
inc_mem-392-legend.pdf  used on input line 14.
(pdftex.def)             Requested size: 160.43727pt x 86.61122pt.
<faascache/faas-keepalive-20/graphs/rare-funcs-1000/exec_inc_mem-1000.pdf, id=1
538, 366.48402pt x 247.43536pt>
File: faascache/faas-keepalive-20/graphs/rare-funcs-1000/exec_inc_mem-1000.pdf 
Graphic file (type pdf)
<use faascache/faas-keepalive-20/graphs/rare-funcs-1000/exec_inc_mem-1000.pdf>
Package pdftex.def Info: faascache/faas-keepalive-20/graphs/rare-funcs-1000/exe
c_inc_mem-1000.pdf  used on input line 17.
(pdftex.def)             Requested size: 130.08731pt x 87.83072pt.
<faascache/faas-keepalive-20/graphs/random-funcs-200/exec_inc_mem-200.pdf, id=1
539, 369.85495pt x 247.43536pt>
File: faascache/faas-keepalive-20/graphs/random-funcs-200/exec_inc_mem-200.pdf 
Graphic file (type pdf)
<use faascache/faas-keepalive-20/graphs/random-funcs-200/exec_inc_mem-200.pdf>
Package pdftex.def Info: faascache/faas-keepalive-20/graphs/random-funcs-200/ex
ec_inc_mem-200.pdf  used on input line 19.
(pdftex.def)             Requested size: 130.08731pt x 87.0303pt.
<faascache/faas-keepalive-20/graphs/rep-funcs-392/cold_drop_mem-392-legend.pdf,
 id=1540, 366.48402pt x 237.68172pt>
File: faascache/faas-keepalive-20/graphs/rep-funcs-392/cold_drop_mem-392-legend
.pdf Graphic file (type pdf)
<use faascache/faas-keepalive-20/graphs/rep-funcs-392/cold_drop_mem-392-legend.
pdf>
Package pdftex.def Info: faascache/faas-keepalive-20/graphs/rep-funcs-392/cold_
drop_mem-392-legend.pdf  used on input line 29.
(pdftex.def)             Requested size: 143.09538pt x 92.80429pt.
<faascache/faas-keepalive-20/graphs/rare-funcs-1000/cold_drop_mem-1000.pdf, id=
1541, 366.48402pt x 237.68172pt>
File: faascache/faas-keepalive-20/graphs/rare-funcs-1000/cold_drop_mem-1000.pdf
 Graphic file (type pdf)
<use faascache/faas-keepalive-20/graphs/rare-funcs-1000/cold_drop_mem-1000.pdf>

Package pdftex.def Info: faascache/faas-keepalive-20/graphs/rare-funcs-1000/col
d_drop_mem-1000.pdf  used on input line 31.
(pdftex.def)             Requested size: 143.09538pt x 92.80429pt.
<faascache/faas-keepalive-20/graphs/random-funcs-200/cold_drop_mem-200.pdf, id=
1542, 365.38513pt x 234.1686pt>
File: faascache/faas-keepalive-20/graphs/random-funcs-200/cold_drop_mem-200.pdf
 Graphic file (type pdf)
<use faascache/faas-keepalive-20/graphs/random-funcs-200/cold_drop_mem-200.pdf>

Package pdftex.def Info: faascache/faas-keepalive-20/graphs/random-funcs-200/co
ld_drop_mem-200.pdf  used on input line 34.
(pdftex.def)             Requested size: 143.09538pt x 91.7077pt.
 [43 <./faascache/faas-keepalive-20/graphs/rep-funcs-392/exec_inc_mem-392-legen
d.pdf> <./faascache/faas-keepalive-20/graphs/rare-funcs-1000/exec_inc_mem-1000.
pdf

pdfTeX warning: pdflatex (file ./faascache/faas-keepalive-20/graphs/rare-funcs-
1000/exec_inc_mem-1000.pdf): PDF inclusion: multiple pdfs with page group inclu
ded in a single page
> <./faascache/faas-keepalive-20/graphs/random-funcs-200/exec_inc_mem-200.pdf

pdfTeX warning: pdflatex (file ./faascache/faas-keepalive-20/graphs/random-func
s-200/exec_inc_mem-200.pdf): PDF inclusion: multiple pdfs with page group inclu
ded in a single page
>]
Underfull \vbox (badness 10000) has occurred while \output is active []

 [44 <./faascache/faas-keepalive-20/graphs/rep-funcs-392/cold_drop_mem-392-lege
nd.pdf> <./faascache/faas-keepalive-20/graphs/rare-funcs-1000/cold_drop_mem-100
0.pdf

pdfTeX warning: pdflatex (file ./faascache/faas-keepalive-20/graphs/rare-funcs-
1000/cold_drop_mem-1000.pdf): PDF inclusion: multiple pdfs with page group incl
uded in a single page
> <./faascache/faas-keepalive-20/graphs/random-funcs-200/cold_drop_mem-200.pdf

pdfTeX warning: pdflatex (file ./faascache/faas-keepalive-20/graphs/random-func
s-200/cold_drop_mem-200.pdf): PDF inclusion: multiple pdfs with page group incl
uded in a single page
>] Excluding 'comment' comment. [45] [46] [47]
<faascache/faas-keepalive-20/graphs/litmus_tests/litmus_2_stacked.pdf, id=1658,
 475.23798pt x 245.99678pt>
File: faascache/faas-keepalive-20/graphs/litmus_tests/litmus_2_stacked.pdf Grap
hic file (type pdf)
<use faascache/faas-keepalive-20/graphs/litmus_tests/litmus_2_stacked.pdf>
Package pdftex.def Info: faascache/faas-keepalive-20/graphs/litmus_tests/litmus
_2_stacked.pdf  used on input line 226.
(pdftex.def)             Requested size: 260.17464pt x 134.67554pt.
 [48 <./faascache/faas-keepalive-20/graphs/litmus_tests/litmus_2_stacked.pdf>]
<faascache/faas-keepalive-20/graphs/litmus_tests/faasbench_48_cold_hot-legend.p
df, id=1676, 548.0475pt x 260.975pt>
File: faascache/faas-keepalive-20/graphs/litmus_tests/faasbench_48_cold_hot-leg
end.pdf Graphic file (type pdf)
<use faascache/faas-keepalive-20/graphs/litmus_tests/faasbench_48_cold_hot-lege
nd.pdf>
Package pdftex.def Info: faascache/faas-keepalive-20/graphs/litmus_tests/faasbe
nch_48_cold_hot-legend.pdf  used on input line 291.
(pdftex.def)             Requested size: 260.17464pt x 123.89273pt.
 Excluding 'comment' comment.
[49] Excluding 'comment' comment. [50 <./faascache/faas-keepalive-20/graphs/lit
mus_tests/faasbench_48_cold_hot-legend.pdf>]
<faascache/faas-keepalive-20/graphs/dyn-scale-392-b.pdf, id=1697, 531.9875pt x 
266.9975pt>
File: faascache/faas-keepalive-20/graphs/dyn-scale-392-b.pdf Graphic file (type
 pdf)
<use faascache/faas-keepalive-20/graphs/dyn-scale-392-b.pdf>
Package pdftex.def Info: faascache/faas-keepalive-20/graphs/dyn-scale-392-b.pdf
  used on input line 367.
(pdftex.def)             Requested size: 260.17464pt x 130.58139pt.
) Excluding 'comment' comment.)
(./chrlu/chrlu.tex [51 <./faascache/faas-keepalive-20/graphs/dyn-scale-392-b.pd
f>]
Chapter 4.
(./chrlu/related.tex Excluding 'comment' comment. [52

]) (./chrlu/bg.tex
[53] Excluding 'comment' comment.
<chrlu/faaslb-osdi22/figs/ch-bl.pdf, id=1732, 406.51875pt x 420.57124pt>
File: chrlu/faaslb-osdi22/figs/ch-bl.pdf Graphic file (type pdf)
<use chrlu/faaslb-osdi22/figs/ch-bl.pdf>
Package pdftex.def Info: chrlu/faaslb-osdi22/figs/ch-bl.pdf  used on input line
 39.
(pdftex.def)             Requested size: 173.44534pt x 179.43669pt.
 [54 <./chrlu/faaslb-osdi22/figs/ch-bl.pdf>])
(./chrlu/design.prateek.tex [55] [56] [57] [58] [59]
Excluding 'comment' comment. [60]
Package hyperref Info: bookmark level for unknown algorithm defaults to 0 on in
put line 218.
 [61] Excluding 'comment' comment. [62])
(./chrlu/implementation.tex
Underfull \vbox (badness 10000) has occurred while \output is active []

 [63]
<chrlu/faaslb-osdi22/figs/sys-diag.pdf, id=1828, 722.7pt x 505.89pt>
File: chrlu/faaslb-osdi22/figs/sys-diag.pdf Graphic file (type pdf)
<use chrlu/faaslb-osdi22/figs/sys-diag.pdf>
Package pdftex.def Info: chrlu/faaslb-osdi22/figs/sys-diag.pdf  used on input l
ine 16.
(pdftex.def)             Requested size: 260.17464pt x 182.12025pt.

Underfull \vbox (badness 10000) has occurred while \output is active []

 [64]
[65 <./chrlu/faaslb-osdi22/figs/sys-diag.pdf>] [66]
Excluding 'comment' comment.) (./chrlu/eval.tex (./chrlu/eval-ow.tex
<chrlu/faaslb-osdi22/figs/compare/20-global-latencies-cntnorm.pdf, id=1853, 358
.03056pt x 233.69809pt>
File: chrlu/faaslb-osdi22/figs/compare/20-global-latencies-cntnorm.pdf Graphic 
file (type pdf)
<use chrlu/faaslb-osdi22/figs/compare/20-global-latencies-cntnorm.pdf>
Package pdftex.def Info: chrlu/faaslb-osdi22/figs/compare/20-global-latencies-c
ntnorm.pdf  used on input line 17.
(pdftex.def)             Requested size: 130.08731pt x 84.91217pt.
<chrlu/faaslb-osdi22/figs/compare/20-invokes-ttl.pdf, id=1854, 381.03839pt x 23
3.69809pt>
File: chrlu/faaslb-osdi22/figs/compare/20-invokes-ttl.pdf Graphic file (type pd
f)
<use chrlu/faaslb-osdi22/figs/compare/20-invokes-ttl.pdf>
Package pdftex.def Info: chrlu/faaslb-osdi22/figs/compare/20-invokes-ttl.pdf  u
sed on input line 18.
(pdftex.def)             Requested size: 130.08731pt x 79.78435pt.

Underfull \vbox (badness 10000) has occurred while \output is active []

 [67 <./chrlu/faaslb-osdi22/figs/compare/20-global-latencies-cntnorm.pdf> <./ch
rlu/faaslb-osdi22/figs/compare/20-invokes-ttl.pdf

pdfTeX warning: pdflatex (file ./chrlu/faaslb-osdi22/figs/compare/20-invokes-tt
l.pdf): PDF inclusion: multiple pdfs with page group included in a single page
>] [68]
<chrlu/faaslb-osdi22/figs/compare/120-global-latencies-cntnorm.pdf, id=1890, 36
5.69984pt x 233.69809pt>
File: chrlu/faaslb-osdi22/figs/compare/120-global-latencies-cntnorm.pdf Graphic
 file (type pdf)
<use chrlu/faaslb-osdi22/figs/compare/120-global-latencies-cntnorm.pdf>
Package pdftex.def Info: chrlu/faaslb-osdi22/figs/compare/120-global-latencies-
cntnorm.pdf  used on input line 65.
(pdftex.def)             Requested size: 130.08731pt x 83.13277pt.
<chrlu/faaslb-osdi22/figs/compare/120-invokes-ttl.pdf, id=1891, 388.70767pt x 2
33.69809pt>
File: chrlu/faaslb-osdi22/figs/compare/120-invokes-ttl.pdf Graphic file (type p
df)
<use chrlu/faaslb-osdi22/figs/compare/120-invokes-ttl.pdf>
Package pdftex.def Info: chrlu/faaslb-osdi22/figs/compare/120-invokes-ttl.pdf  
used on input line 66.
(pdftex.def)             Requested size: 130.08731pt x 78.2082pt.
<chrlu/faaslb-osdi22/figs/compare/3-120-loadAvg-variance.pdf, id=1892, 365.6998
4pt x 233.69809pt>
File: chrlu/faaslb-osdi22/figs/compare/3-120-loadAvg-variance.pdf Graphic file 
(type pdf)
<use chrlu/faaslb-osdi22/figs/compare/3-120-loadAvg-variance.pdf>
Package pdftex.def Info: chrlu/faaslb-osdi22/figs/compare/3-120-loadAvg-varianc
e.pdf  used on input line 68.
(pdftex.def)             Requested size: 130.08731pt x 83.13277pt.
 Excluding 'comment' comment.
Underfull \vbox (badness 10000) has occurred while \output is active []

 [69 <./chrlu/faaslb-osdi22/figs/compare/120-global-latencies-cntnorm.pdf> <./c
hrlu/faaslb-osdi22/figs/compare/120-invokes-ttl.pdf

pdfTeX warning: pdflatex (file ./chrlu/faaslb-osdi22/figs/compare/120-invokes-t
tl.pdf): PDF inclusion: multiple pdfs with page group included in a single page

> <./chrlu/faaslb-osdi22/figs/compare/3-120-loadAvg-variance.pdf

pdfTeX warning: pdflatex (file ./chrlu/faaslb-osdi22/figs/compare/3-120-loadAvg
-variance.pdf): PDF inclusion: multiple pdfs with page group included in a sing
le page
>]
<chrlu/faaslb-osdi22/figs/bursty/120-global-latencies-cntnorm.pdf, id=1941, 365
.69984pt x 233.69809pt>
File: chrlu/faaslb-osdi22/figs/bursty/120-global-latencies-cntnorm.pdf Graphic 
file (type pdf)
<use chrlu/faaslb-osdi22/figs/bursty/120-global-latencies-cntnorm.pdf>
Package pdftex.def Info: chrlu/faaslb-osdi22/figs/bursty/120-global-latencies-c
ntnorm.pdf  used on input line 198.
(pdftex.def)             Requested size: 130.08731pt x 83.13277pt.
<chrlu/faaslb-osdi22/figs/bursty/3-120-loadAvg-variance.pdf, id=1942, 365.69984
pt x 233.69809pt>
File: chrlu/faaslb-osdi22/figs/bursty/3-120-loadAvg-variance.pdf Graphic file (
type pdf)
<use chrlu/faaslb-osdi22/figs/bursty/3-120-loadAvg-variance.pdf>
Package pdftex.def Info: chrlu/faaslb-osdi22/figs/bursty/3-120-loadAvg-variance
.pdf  used on input line 199.
(pdftex.def)             Requested size: 130.08731pt x 83.13277pt.
<chrlu/faaslb-osdi22/figs/ow/openload/openload-latencies-cntnorm.pdf, id=1943, 
373.36911pt x 233.69809pt>
File: chrlu/faaslb-osdi22/figs/ow/openload/openload-latencies-cntnorm.pdf Graph
ic file (type pdf)
<use chrlu/faaslb-osdi22/figs/ow/openload/openload-latencies-cntnorm.pdf>
Package pdftex.def Info: chrlu/faaslb-osdi22/figs/ow/openload/openload-latencie
s-cntnorm.pdf  used on input line 216.
(pdftex.def)             Requested size: 130.08731pt x 81.42468pt.
 [70]
Underfull \vbox (badness 4634) has occurred while \output is active []

 [71 <./chrlu/faaslb-osdi22/figs/bursty/120-global-latencies-cntnorm.pdf> <./ch
rlu/faaslb-osdi22/figs/bursty/3-120-loadAvg-variance.pdf

pdfTeX warning: pdflatex (file ./chrlu/faaslb-osdi22/figs/bursty/3-120-loadAvg-
variance.pdf): PDF inclusion: multiple pdfs with page group included in a singl
e page
> <./chrlu/faaslb-osdi22/figs/ow/openload/openload-latencies-cntnorm.pdf

pdfTeX warning: pdflatex (file ./chrlu/faaslb-osdi22/figs/ow/openload/openload-
latencies-cntnorm.pdf): PDF inclusion: multiple pdfs with page group included i
n a single page
>] Excluding 'comment' comment.
<chrlu/faaslb-osdi22/figs/scaling/scaling_lat_over_time-nolabel.pdf, id=1989, 3
62.97089pt x 234.1686pt>
File: chrlu/faaslb-osdi22/figs/scaling/scaling_lat_over_time-nolabel.pdf Graphi
c file (type pdf)
<use chrlu/faaslb-osdi22/figs/scaling/scaling_lat_over_time-nolabel.pdf>
Package pdftex.def Info: chrlu/faaslb-osdi22/figs/scaling/scaling_lat_over_time
-nolabel.pdf  used on input line 263.
(pdftex.def)             Requested size: 130.08731pt x 83.92188pt.
 [72 <./chrlu/faaslb-osdi22/figs/scaling/scaling_lat_over_time-nolabel.pdf>])) 
Excluding 'comment' comment.)
(./iluvatar/iluvatar.tex [73]
Chapter 5.
(./iluvatar/motivation.tex [74

] [75] [76] Excluding 'comment' comment.
<iluvatar/graphs/scaling/pyaes/overhead-scaling.pdf, id=2046, 494.16179pt x 245
.3808pt>
File: iluvatar/graphs/scaling/pyaes/overhead-scaling.pdf Graphic file (type pdf
)
<use iluvatar/graphs/scaling/pyaes/overhead-scaling.pdf>
Package pdftex.def Info: iluvatar/graphs/scaling/pyaes/overhead-scaling.pdf  us
ed on input line 127.
(pdftex.def)             Requested size: 173.44534pt x 86.12419pt.
 [77 <./iluvatar/graphs/scaling/pyaes/overhead-scaling.pdf>] [78]
Underfull \vbox (badness 1189) has occurred while \output is active []

 [79])
(./iluvatar/design.tex
Underfull \vbox (badness 4647) has occurred while \output is active []

 [80]
<iluvatar/figs/il76-q.pdf, id=2105, 773.89125pt x 348.30125pt>
File: iluvatar/figs/il76-q.pdf Graphic file (type pdf)
<use iluvatar/figs/il76-q.pdf>
Package pdftex.def Info: iluvatar/figs/il76-q.pdf  used on input line 32.
(pdftex.def)             Requested size: 260.17464pt x 117.0975pt.

[81 <./iluvatar/figs/il76-q.pdf>]
Underfull \vbox (badness 10000) has occurred while \output is active []

 [82]
Excluding 'comment' comment.

pdfTeX warning: pdflatex (file ./iluvatar/figs/OverheadTimeline.pdf): PDF inclu
sion: found PDF version <1.6>, but at most version <1.5> allowed
<iluvatar/figs/OverheadTimeline.pdf, id=2177, 766.06201pt x 216.81pt>
File: iluvatar/figs/OverheadTimeline.pdf Graphic file (type pdf)
<use iluvatar/figs/OverheadTimeline.pdf>
Package pdftex.def Info: iluvatar/figs/OverheadTimeline.pdf  used on input line
 107.
(pdftex.def)             Requested size: 260.17464pt x 73.63503pt.
[83]
Underfull \vbox (badness 10000) has occurred while \output is active []

 [84 <./iluvatar/figs/OverheadTimeline.pdf>] [85] [86] [87] [88]) (./iluvatar/q
.tex
[89] [90] Excluding 'comment' comment. [91] [92]) (./iluvatar/impl.tex
Underfull \vbox (badness 10000) has occurred while \output is active []

 [93]
[94]) (./iluvatar/eval.tex [95]
File: iluvatar/graphs/scaling/pyaes/overhead-scaling.pdf Graphic file (type pdf
)
<use iluvatar/graphs/scaling/pyaes/overhead-scaling.pdf>
Package pdftex.def Info: iluvatar/graphs/scaling/pyaes/overhead-scaling.pdf  us
ed on input line 26.
(pdftex.def)             Requested size: 260.17464pt x 129.19003pt.
 Excluding 'comment' comment. [96]
<iluvatar/graphs/scaling/pyaes/worker-e2e-and-exec.pdf, id=2277, 371.80467pt x 
234.1686pt>
File: iluvatar/graphs/scaling/pyaes/worker-e2e-and-exec.pdf Graphic file (type 
pdf)
<use iluvatar/graphs/scaling/pyaes/worker-e2e-and-exec.pdf>
Package pdftex.def Info: iluvatar/graphs/scaling/pyaes/worker-e2e-and-exec.pdf 
 used on input line 88.
(pdftex.def)             Requested size: 130.08731pt x 81.93164pt.
<iluvatar/graphs/scaling/json_dumps_loads/worker-e2e-and-exec.pdf, id=2278, 380
.74432pt x 235.17029pt>
File: iluvatar/graphs/scaling/json_dumps_loads/worker-e2e-and-exec.pdf Graphic 
file (type pdf)
<use iluvatar/graphs/scaling/json_dumps_loads/worker-e2e-and-exec.pdf>
Package pdftex.def Info: iluvatar/graphs/scaling/json_dumps_loads/worker-e2e-an
d-exec.pdf  used on input line 89.
(pdftex.def)             Requested size: 130.08731pt x 80.34796pt.
<iluvatar/graphs/scaling/video_processing/worker-e2e-and-exec.pdf, id=2279, 389
.68398pt x 234.1686pt>
File: iluvatar/graphs/scaling/video_processing/worker-e2e-and-exec.pdf Graphic 
file (type pdf)
<use iluvatar/graphs/scaling/video_processing/worker-e2e-and-exec.pdf>
Package pdftex.def Info: iluvatar/graphs/scaling/video_processing/worker-e2e-an
d-exec.pdf  used on input line 90.
(pdftex.def)             Requested size: 130.08731pt x 78.17271pt.
 [97 <./iluvatar/graphs/scaling/pyaes/worker-e2e-and-exec.pdf> <./iluvatar/grap
hs/scaling/json_dumps_loads/worker-e2e-and-exec.pdf

pdfTeX warning: pdflatex (file ./iluvatar/graphs/scaling/json_dumps_loads/worke
r-e2e-and-exec.pdf): PDF inclusion: multiple pdfs with page group included in a
 single page
> <./iluvatar/graphs/scaling/video_processing/worker-e2e-and-exec.pdf

pdfTeX warning: pdflatex (file ./iluvatar/graphs/scaling/video_processing/worke
r-e2e-and-exec.pdf): PDF inclusion: multiple pdfs with page group included in a
 single page
>]

pdfTeX warning: pdflatex (file ./iluvatar/graphs/impl/benchmark_cold_e2e.pdf): 
PDF inclusion: found PDF version <1.6>, but at most version <1.5> allowed
<iluvatar/graphs/impl/benchmark_cold_e2e.pdf, id=2323, 457.48415pt x 280.15466p
t>
File: iluvatar/graphs/impl/benchmark_cold_e2e.pdf Graphic file (type pdf)
<use iluvatar/graphs/impl/benchmark_cold_e2e.pdf>
Package pdftex.def Info: iluvatar/graphs/impl/benchmark_cold_e2e.pdf  used on i
nput line 131.
(pdftex.def)             Requested size: 260.17464pt x 159.33073pt.
[98] [99 <./iluvatar/graphs/impl/benchmark_cold_e2e.pdf>]
Excluding 'comment' comment.

pdfTeX warning: pdflatex (file ./iluvatar/graphs/old-baseline/breakdown/all_fun
cs_minheap_ed.pdf): PDF inclusion: found PDF version <1.6>, but at most version
 <1.5> allowed
<iluvatar/graphs/old-baseline/breakdown/all_funcs_minheap_ed.pdf, id=2343, 361.
35pt x 195.129pt>
File: iluvatar/graphs/old-baseline/breakdown/all_funcs_minheap_ed.pdf Graphic f
ile (type pdf)
<use iluvatar/graphs/old-baseline/breakdown/all_funcs_minheap_ed.pdf>
Package pdftex.def Info: iluvatar/graphs/old-baseline/breakdown/all_funcs_minhe
ap_ed.pdf  used on input line 185.
(pdftex.def)             Requested size: 130.08731pt x 70.24637pt.


pdfTeX warning: pdflatex (file ./iluvatar/graphs/scaled_trace2/trace_0_1/violin
_e2e_for_each_queue/16_16.pdf): PDF inclusion: found PDF version <1.6>, but at 
most version <1.5> allowed
<iluvatar/graphs/scaled_trace2/trace_0_1/violin_e2e_for_each_queue/16_16.pdf, i
d=2344, 361.35pt x 195.129pt>
File: iluvatar/graphs/scaled_trace2/trace_0_1/violin_e2e_for_each_queue/16_16.p
df Graphic file (type pdf)
<use iluvatar/graphs/scaled_trace2/trace_0_1/violin_e2e_for_each_queue/16_16.pd
f>
Package pdftex.def Info: iluvatar/graphs/scaled_trace2/trace_0_1/violin_e2e_for
_each_queue/16_16.pdf  used on input line 187.
(pdftex.def)             Requested size: 130.08731pt x 70.24637pt.


pdfTeX warning: pdflatex (file ./iluvatar/graphs/scaled_trace2/trace_0_1/violin
_func_breakdown/16_16.pdf): PDF inclusion: found PDF version <1.6>, but at most
 version <1.5> allowed
<iluvatar/graphs/scaled_trace2/trace_0_1/violin_func_breakdown/16_16.pdf, id=23
45, 361.35pt x 195.129pt>
File: iluvatar/graphs/scaled_trace2/trace_0_1/violin_func_breakdown/16_16.pdf G
raphic file (type pdf)
<use iluvatar/graphs/scaled_trace2/trace_0_1/violin_func_breakdown/16_16.pdf>
Package pdftex.def Info: iluvatar/graphs/scaled_trace2/trace_0_1/violin_func_br
eakdown/16_16.pdf  used on input line 189.
(pdftex.def)             Requested size: 130.08731pt x 70.24637pt.


pdfTeX warning: pdflatex (file ./iluvatar/graphs/scaling/WeakScaling.pdf): PDF 
inclusion: found PDF version <1.6>, but at most version <1.5> allowed
<iluvatar/graphs/scaling/WeakScaling.pdf, id=2347, 361.35pt x 195.129pt>
File: iluvatar/graphs/scaling/WeakScaling.pdf Graphic file (type pdf)
<use iluvatar/graphs/scaling/WeakScaling.pdf>
Package pdftex.def Info: iluvatar/graphs/scaling/WeakScaling.pdf  used on input
 line 208.
(pdftex.def)             Requested size: 260.17464pt x 140.49573pt.
[100 <./iluvatar/graphs/old-baseline/breakdown/all_funcs_minheap_ed.pdf> <./ilu
vatar/graphs/scaled_trace2/trace_0_1/violin_e2e_for_each_queue/16_16.pdf> <./il
uvatar/graphs/scaled_trace2/trace_0_1/violin_func_breakdown/16_16.pdf>]

pdfTeX warning: pdflatex (file ./iluvatar/graphs/scaled_burst_trace2/trace_0_1/
barplot_breakdown_perqueue/all_funcs_minheap_ed.pdf): PDF inclusion: found PDF 
version <1.6>, but at most version <1.5> allowed
<iluvatar/graphs/scaled_burst_trace2/trace_0_1/barplot_breakdown_perqueue/all_f
uncs_minheap_ed.pdf, id=2387, 361.35pt x 195.129pt>
File: iluvatar/graphs/scaled_burst_trace2/trace_0_1/barplot_breakdown_perqueue/
all_funcs_minheap_ed.pdf Graphic file (type pdf)
<use iluvatar/graphs/scaled_burst_trace2/trace_0_1/barplot_breakdown_perqueue/a
ll_funcs_minheap_ed.pdf>
Package pdftex.def Info: iluvatar/graphs/scaled_burst_trace2/trace_0_1/barplot_
breakdown_perqueue/all_funcs_minheap_ed.pdf  used on input line 234.
(pdftex.def)             Requested size: 130.08731pt x 70.24637pt.


pdfTeX warning: pdflatex (file ./iluvatar/graphs/scaled_burst_trace2/trace_0_1/
violin_e2e_for_each_queue/16_16.pdf): PDF inclusion: found PDF version <1.6>, b
ut at most version <1.5> allowed
<iluvatar/graphs/scaled_burst_trace2/trace_0_1/violin_e2e_for_each_queue/16_16.
pdf, id=2388, 361.35pt x 195.129pt>
File: iluvatar/graphs/scaled_burst_trace2/trace_0_1/violin_e2e_for_each_queue/1
6_16.pdf Graphic file (type pdf)
<use iluvatar/graphs/scaled_burst_trace2/trace_0_1/violin_e2e_for_each_queue/16
_16.pdf>
Package pdftex.def Info: iluvatar/graphs/scaled_burst_trace2/trace_0_1/violin_e
2e_for_each_queue/16_16.pdf  used on input line 236.
(pdftex.def)             Requested size: 130.08731pt x 70.24637pt.


pdfTeX warning: pdflatex (file ./iluvatar/graphs/scaled_burst_trace2/trace_0_1/
violin_func_breakdown/16_16.pdf): PDF inclusion: found PDF version <1.6>, but a
t most version <1.5> allowed
<iluvatar/graphs/scaled_burst_trace2/trace_0_1/violin_func_breakdown/16_16.pdf,
 id=2389, 361.35pt x 195.129pt>
File: iluvatar/graphs/scaled_burst_trace2/trace_0_1/violin_func_breakdown/16_16
.pdf Graphic file (type pdf)
<use iluvatar/graphs/scaled_burst_trace2/trace_0_1/violin_func_breakdown/16_16.
pdf>
Package pdftex.def Info: iluvatar/graphs/scaled_burst_trace2/trace_0_1/violin_f
unc_breakdown/16_16.pdf  used on input line 238.
(pdftex.def)             Requested size: 130.08731pt x 70.24637pt.

Underfull \vbox (badness 1968) has occurred while \output is active []

 [101 <./iluvatar/graphs/scaling/WeakScaling.pdf> <./iluvatar/graphs/scaled_bur
st_trace2/trace_0_1/barplot_breakdown_perqueue/all_funcs_minheap_ed.pdf> <./ilu
vatar/graphs/scaled_burst_trace2/trace_0_1/violin_e2e_for_each_queue/16_16.pdf>
 <./iluvatar/graphs/scaled_burst_trace2/trace_0_1/violin_func_breakdown/16_16.p
df>]
[102] [103]
<iluvatar/graphs/trace-compare/baseline/minheap_ed/16/paper-status.pdf, id=2453
, 393.02774pt x 219.63431pt>
File: iluvatar/graphs/trace-compare/baseline/minheap_ed/16/paper-status.pdf Gra
phic file (type pdf)
<use iluvatar/graphs/trace-compare/baseline/minheap_ed/16/paper-status.pdf>
Package pdftex.def Info: iluvatar/graphs/trace-compare/baseline/minheap_ed/16/p
aper-status.pdf  used on input line 306.
(pdftex.def)             Requested size: 260.17464pt x 145.40146pt.
 Excluding 'comment' comment. Excluding 'comment' comment.)
(./iluvatar/related.tex [104 <./iluvatar/graphs/trace-compare/baseline/minheap_
ed/16/paper-status.pdf>] [105] Excluding 'comment' comment.)) (./mqfq/mqfq.tex
[106]
Chapter 6.
(./mqfq/motivation.tex Excluding 'comment' comment.
Excluding 'comment' comment.
Underfull \vbox (badness 10000) has occurred while \output is active []

 [107

]
<mqfq/graphs/coldstart/combined_timeline.pdf, id=2540, 504.88441pt x 267.16995p
t>
File: mqfq/graphs/coldstart/combined_timeline.pdf Graphic file (type pdf)
<use mqfq/graphs/coldstart/combined_timeline.pdf>
Package pdftex.def Info: mqfq/graphs/coldstart/combined_timeline.pdf  used on i
nput line 104.
(pdftex.def)             Requested size: 433.62pt x 229.46pt.

[108] [109 <./mqfq/graphs/coldstart/combined_timeline.pdf>] [110]
<mqfq/graphs/cpu_compare/25.7/compute_compare_squish.pdf, id=2587, 306.88716pt 
x 172.0762pt>
File: mqfq/graphs/cpu_compare/25.7/compute_compare_squish.pdf Graphic file (typ
e pdf)
<use mqfq/graphs/cpu_compare/25.7/compute_compare_squish.pdf>
Package pdftex.def Info: mqfq/graphs/cpu_compare/25.7/compute_compare_squish.pd
f  used on input line 185.
(pdftex.def)             Requested size: 306.8864pt x 172.07578pt.
)
(./mqfq/bg.tex Excluding 'comment' comment. [111 <./mqfq/graphs/cpu_compare/25.
7/compute_compare_squish.pdf>] [112] [113] Excluding 'comment' comment.
Excluding 'comment' comment.) (./mqfq/related.tex [114]) (./mqfq/q2.tex
[115]
<mqfq/figs/queue-sys-2-simple.pdf, id=2708, 635.97598pt x 607.068pt>
File: mqfq/figs/queue-sys-2-simple.pdf Graphic file (type pdf)
<use mqfq/figs/queue-sys-2-simple.pdf>
Package pdftex.def Info: mqfq/figs/queue-sys-2-simple.pdf  used on input line 3
1.
(pdftex.def)             Requested size: 390.25534pt x 372.51555pt.

Underfull \vbox (badness 6493) has occurred while \output is active []

 [116]
[117 <./mqfq/figs/queue-sys-2-simple.pdf>] [118] [119]
Excluding 'comment' comment.
Underfull \vbox (badness 10000) has occurred while \output is active []

 [120]
Underfull \vbox (badness 10000) has occurred while \output is active []

 [121]
[122] [123]) (./mqfq/impl.tex [124] [125]) (./mqfq/eval.tex [126] [127]
<mqfq/graphs/mem-move/f16-i20-driver-mps-move.pdf, id=2790, 367.44072pt x 288.8
807pt>
File: mqfq/graphs/mem-move/f16-i20-driver-mps-move.pdf Graphic file (type pdf)
<use mqfq/graphs/mem-move/f16-i20-driver-mps-move.pdf>
Package pdftex.def Info: mqfq/graphs/mem-move/f16-i20-driver-mps-move.pdf  used
 on input line 35.
(pdftex.def)             Requested size: 367.43982pt x 288.87999pt.

Underfull \vbox (badness 1406) has occurred while \output is active []

 [128 <./mqfq/graphs/mem-move/f16-i20-driver-mps-move.pdf>]
<mqfq/graphs/driver-compare/8-exec_time.pdf, id=2805, 401.01929pt x 291.94698pt
>
File: mqfq/graphs/driver-compare/8-exec_time.pdf Graphic file (type pdf)
<use mqfq/graphs/driver-compare/8-exec_time.pdf>
Package pdftex.def Info: mqfq/graphs/driver-compare/8-exec_time.pdf  used on in
put line 60.
(pdftex.def)             Requested size: 401.01831pt x 291.94624pt.
 [129 <./mqfq/graphs/driver-compare/8-exec_time.pdf>]
<mqfq/graphs/container_pool/big-60min/65/cold_hits.pdf, id=2825, 365.70036pt x 
238.2777pt>
File: mqfq/graphs/container_pool/big-60min/65/cold_hits.pdf Graphic file (type 
pdf)
<use mqfq/graphs/container_pool/big-60min/65/cold_hits.pdf>
Package pdftex.def Info: mqfq/graphs/container_pool/big-60min/65/cold_hits.pdf 
 used on input line 103.
(pdftex.def)             Requested size: 365.69946pt x 238.2771pt.
 [130]
Underfull \vbox (badness 6708) has occurred while \output is active []

 [131 <./mqfq/graphs/container_pool/big-60min/65/cold_hits.pdf>]
<mqfq/graphs/unfairness/25.7/e2e_sec.pdf, id=2844, 377.1959pt x 233.69809pt>
File: mqfq/graphs/unfairness/25.7/e2e_sec.pdf Graphic file (type pdf)
<use mqfq/graphs/unfairness/25.7/e2e_sec.pdf>
Package pdftex.def Info: mqfq/graphs/unfairness/25.7/e2e_sec.pdf  used on input
 line 132.
(pdftex.def)             Requested size: 377.19499pt x 233.6975pt.
 [132 <./mqfq/graphs/unfairness/25.7/e2e_sec.pdf>]
<mqfq/graphs/ttl/25.8/mqfq-ttl-compare.pdf, id=2858, 426.74039pt x 233.69809pt>

File: mqfq/graphs/ttl/25.8/mqfq-ttl-compare.pdf Graphic file (type pdf)
<use mqfq/graphs/ttl/25.8/mqfq-ttl-compare.pdf>
Package pdftex.def Info: mqfq/graphs/ttl/25.8/mqfq-ttl-compare.pdf  used on inp
ut line 156.
(pdftex.def)             Requested size: 426.73933pt x 233.6975pt.

Underfull \vbox (badness 1221) has occurred while \output is active []

 [133 <./mqfq/graphs/ttl/25.8/mqfq-ttl-compare.pdf>]
<mqfq/graphs/concurrency/25.7/paper_exec_overhead.pdf, id=2874, 369.52664pt x 2
33.69809pt>
File: mqfq/graphs/concurrency/25.7/paper_exec_overhead.pdf Graphic file (type p
df)
<use mqfq/graphs/concurrency/25.7/paper_exec_overhead.pdf>
Package pdftex.def Info: mqfq/graphs/concurrency/25.7/paper_exec_overhead.pdf  
used on input line 185.
(pdftex.def)             Requested size: 369.52573pt x 233.6975pt.
<mqfq/graphs/concurrency/25.7/paper_e2e_sec.pdf, id=2875, 358.03056pt x 233.698
09pt>
File: mqfq/graphs/concurrency/25.7/paper_e2e_sec.pdf Graphic file (type pdf)
<use mqfq/graphs/concurrency/25.7/paper_e2e_sec.pdf>
Package pdftex.def Info: mqfq/graphs/concurrency/25.7/paper_e2e_sec.pdf  used o
n input line 192.
(pdftex.def)             Requested size: 358.02968pt x 233.6975pt.
 Excluding 'comment' comment. [134]
[135 <./mqfq/graphs/concurrency/25.7/paper_exec_overhead.pdf> <./mqfq/graphs/co
ncurrency/25.7/paper_e2e_sec.pdf>]
<mqfq/graphs/q_compare/25.7/20/paper_e2e_sec.pdf, id=2902, 371.72234pt x 283.44
647pt>
File: mqfq/graphs/q_compare/25.7/20/paper_e2e_sec.pdf Graphic file (type pdf)
<use mqfq/graphs/q_compare/25.7/20/paper_e2e_sec.pdf>
Package pdftex.def Info: mqfq/graphs/q_compare/25.7/20/paper_e2e_sec.pdf  used 
on input line 230.
(pdftex.def)             Requested size: 371.72142pt x 283.44577pt.
<mqfq/graphs/q_compare/25.7/20/paper_fairness_squish.pdf, id=2904, 379.47003pt 
x 172.0762pt>
File: mqfq/graphs/q_compare/25.7/20/paper_fairness_squish.pdf Graphic file (typ
e pdf)
<use mqfq/graphs/q_compare/25.7/20/paper_fairness_squish.pdf>
Package pdftex.def Info: mqfq/graphs/q_compare/25.7/20/paper_fairness_squish.pd
f  used on input line 250.
(pdftex.def)             Requested size: 379.46909pt x 172.07578pt.
 Excluding 'comment' comment.
Underfull \vbox (badness 10000) has occurred while \output is active []

 [136 <./mqfq/graphs/q_compare/25.7/20/paper_e2e_sec.pdf>]
<mqfq/graphs/multi-gpu/25.7/concurr_scale.pdf, id=2918, 399.90576pt x 236.87492
pt>
File: mqfq/graphs/multi-gpu/25.7/concurr_scale.pdf Graphic file (type pdf)
<use mqfq/graphs/multi-gpu/25.7/concurr_scale.pdf>
Package pdftex.def Info: mqfq/graphs/multi-gpu/25.7/concurr_scale.pdf  used on 
input line 293.
(pdftex.def)             Requested size: 399.90479pt x 236.87433pt.

Underfull \vbox (badness 1448) has occurred while \output is active []

 [137 <./mqfq/graphs/q_compare/25.7/20/paper_fairness_squish.pdf>]
<mqfq/graphs/polymorphic/25.7/compute_compare_squish_focused.pdf, id=2933, 358.
03056pt x 172.0762pt>
File: mqfq/graphs/polymorphic/25.7/compute_compare_squish_focused.pdf Graphic f
ile (type pdf)
<use mqfq/graphs/polymorphic/25.7/compute_compare_squish_focused.pdf>
Package pdftex.def Info: mqfq/graphs/polymorphic/25.7/compute_compare_squish_fo
cused.pdf  used on input line 316.
(pdftex.def)             Requested size: 358.02968pt x 172.07578pt.
) (./mqfq/discussion.tex
Excluding 'comment' comment. [138 <./mqfq/graphs/multi-gpu/25.7/concurr_scale.p
df>])) (./conclusion/summary.tex [139 <./mqfq/graphs/polymorphic/25.7/compute_c
ompare_squish_focused.pdf>]
Chapter 7.
(./conclusion/future.tex [140

] [141]
Underfull \vbox (badness 10000) has occurred while \output is active []

 [142])
[143] (./conclusion/conculsion.tex [144])) (./dissertation.bbl [145]
Underfull \hbox (badness 10000) in paragraph at lines 8--10
[]\OT1/cmr/m/n/10.95 (+20) Hpc bench-marks for python.  []$\OT1/cmtt/m/n/10.95 
https : / / github . com / dionhaefner / pyhpc -[]
 []


Underfull \hbox (badness 10000) in paragraph at lines 29--33
\OT1/cmtt/m/n/10.95 nvidia . com / t / predictable -[] how -[] much -[] device 
-[] memory -[] per -[] device -[] context -[]
 []


Underfull \hbox (badness 10000) in paragraph at lines 43--47
[]\OT1/cmr/m/n/10.95 (+20) Aws lambda pre-dictable start-up times with pro-vi-s
ioned con-cur-rency.
 []


Underfull \hbox (badness 10000) in paragraph at lines 43--47
[]$\OT1/cmtt/m/n/10.95 https : / / aws . amazon . com / blogs / compute / new -
[] for -[] aws -[] lambda -[] predictable -[]
 []

[146

]
Underfull \hbox (badness 3039) in paragraph at lines 55--57
[]\OT1/cmr/m/n/10.95 (+20) FunctionBench.  []$\OT1/cmtt/m/n/10.95 https : / / g
ithub . com / ddps -[] lab / serverless -[] faas -[] workbench$[]\OT1/cmr/m/n/1
0.95 (+20) ,
 []

[147] [148] [149] [150] [151] [152] [153] [154] [155] [156] [157] [158]
[159] [160] [161] [162] [163] [164] [165] [166] [167] [168] [169] [170]
[171] [172] [173] [174] [175] [176] [177]) [1] (./cv.tex (./cv/cv.tex
! Undefined control sequence.
\enit@endenumerate ->\enit@after 
                                 \endlist \ifx \enit@series \relax \else \if...
l.54 \end{enumerate}
                    
The control sequence at the end of the top line
of your error message was never \def'ed. If you have
misspelled it (e.g., `\hobx'), type `I' and the correct
spelling (e.g., `I\hbox'). Otherwise just continue,
and I'll forget about whatever was undefined.

! Undefined control sequence.
\enit@endenumerate ...\else \ifnum \enit@resuming 
                                                  =\@ne \enit@setresumekeys ...
l.54 \end{enumerate}
                    
The control sequence at the end of the top line
of your error message was never \def'ed. If you have
misspelled it (e.g., `\hobx'), type `I' and the correct
spelling (e.g., `I\hbox'). Otherwise just continue,
and I'll forget about whatever was undefined.

! Missing number, treated as zero.
<to be read again> 
                   =
l.54 \end{enumerate}
                    
A number should have been here; I inserted `0'.
(If you can't figure out why I needed to see a number,
look up `weird error' in the index to The TeXbook.)

! Undefined control sequence.
\enit@setresumekeys ...xpandafter {\enit@savekeys 
                                                  }\xdef \enit@afterlist {#2...
l.54 \end{enumerate}
                    
The control sequence at the end of the top line
of your error message was never \def'ed. If you have
misspelled it (e.g., `\hobx'), type `I' and the correct
spelling (e.g., `I\hbox'). Otherwise just continue,
and I'll forget about whatever was undefined.

! Undefined control sequence.
\enit@setresumekeys ...it@toks }\ifnum \enit@type 
                                                  =\z@ #3\def \enit@noexcs {...
l.54 \end{enumerate}
                    
The control sequence at the end of the top line
of your error message was never \def'ed. If you have
misspelled it (e.g., `\hobx'), type `I' and the correct
spelling (e.g., `I\hbox'). Otherwise just continue,
and I'll forget about whatever was undefined.

! Missing number, treated as zero.
<to be read again> 
                   =
l.54 \end{enumerate}
                    
A number should have been here; I inserted `0'.
(If you can't figure out why I needed to see a number,
look up `weird error' in the index to The TeXbook.)

! Undefined control sequence.
<argument> enit@resume@series@\enit@series 
                                           
l.54 \end{enumerate}
                    
The control sequence at the end of the top line
of your error message was never \def'ed. If you have
misspelled it (e.g., `\hobx'), type `I' and the correct
spelling (e.g., `I\hbox'). Otherwise just continue,
and I'll forget about whatever was undefined.

! Undefined control sequence.
\enit@setresumekeys ...me@#1}{\csname c@\@listctr 
                                                  \endcsname \the \csname c@...
l.54 \end{enumerate}
                    
The control sequence at the end of the top line
of your error message was never \def'ed. If you have
misspelled it (e.g., `\hobx'), type `I' and the correct
spelling (e.g., `I\hbox'). Otherwise just continue,
and I'll forget about whatever was undefined.

! Undefined control sequence.
\enit@setresumekeys ...e \the \csname c@\@listctr 
                                                  \endcsname }\fi }
l.54 \end{enumerate}
                    
The control sequence at the end of the top line
of your error message was never \def'ed. If you have
misspelled it (e.g., `\hobx'), type `I' and the correct
spelling (e.g., `I\hbox'). Otherwise just continue,
and I'll forget about whatever was undefined.

! You can't use `\relax' after \the.
<recently read> \c@ 
                    
l.54 \end{enumerate}
                    
I'm forgetting what you said and using zero instead.

! Undefined control sequence.
\enit@endenumerate ...t \fi \ifnum \enit@resuming 
                                                  =\thr@@ \enit@setresumekey...
l.54 \end{enumerate}
                    
The control sequence at the end of the top line
of your error message was never \def'ed. If you have
misspelled it (e.g., `\hobx'), type `I' and the correct
spelling (e.g., `I\hbox'). Otherwise just continue,
and I'll forget about whatever was undefined.

! Missing number, treated as zero.
<to be read again> 
                   =
l.54 \end{enumerate}
                    
A number should have been here; I inserted `0'.
(If you can't figure out why I needed to see a number,
look up `weird error' in the index to The TeXbook.)

! Undefined control sequence.
\enit@setresumekeys ...xpandafter {\enit@savekeys 
                                                  }\xdef \enit@afterlist {#2...
l.54 \end{enumerate}
                    
The control sequence at the end of the top line
of your error message was never \def'ed. If you have
misspelled it (e.g., `\hobx'), type `I' and the correct
spelling (e.g., `I\hbox'). Otherwise just continue,
and I'll forget about whatever was undefined.

! Undefined control sequence.
\enit@setresumekeys ...it@toks }\ifnum \enit@type 
                                                  =\z@ #3\def \enit@noexcs {...
l.54 \end{enumerate}
                    
The control sequence at the end of the top line
of your error message was never \def'ed. If you have
misspelled it (e.g., `\hobx'), type `I' and the correct
spelling (e.g., `I\hbox'). Otherwise just continue,
and I'll forget about whatever was undefined.

! Missing number, treated as zero.
<to be read again> 
                   =
l.54 \end{enumerate}
                    
A number should have been here; I inserted `0'.
(If you can't figure out why I needed to see a number,
look up `weird error' in the index to The TeXbook.)

! Undefined control sequence.
\enit@setresumekeys ...me@#1}{\csname c@\@listctr 
                                                  \endcsname \the \csname c@...
l.54 \end{enumerate}
                    
The control sequence at the end of the top line
of your error message was never \def'ed. If you have
misspelled it (e.g., `\hobx'), type `I' and the correct
spelling (e.g., `I\hbox'). Otherwise just continue,
and I'll forget about whatever was undefined.

! Undefined control sequence.
\enit@setresumekeys ...e \the \csname c@\@listctr 
                                                  \endcsname }\fi }
l.54 \end{enumerate}
                    
The control sequence at the end of the top line
of your error message was never \def'ed. If you have
misspelled it (e.g., `\hobx'), type `I' and the correct
spelling (e.g., `I\hbox'). Otherwise just continue,
and I'll forget about whatever was undefined.

! You can't use `\relax' after \the.
<recently read> \c@ 
                    
l.54 \end{enumerate}
                    
I'm forgetting what you said and using zero instead.


! LaTeX Error: \begin{list} on input line 41 ended by \end{enumerate}.

See the LaTeX manual or LaTeX Companion for explanation.
Type  H <return>  for immediate help.
 ...                                              
                                                  
l.54 \end{enumerate}
                    
Your command was ignored.
Type  I <command> <return>  to replace it with another command,
or  <return>  to continue without it.

<cv/cv.pdf, id=3203, 597.50829pt x 845.0471pt>
File: cv/cv.pdf Graphic file (type pdf)
<use cv/cv.pdf>
Package pdftex.def Info: cv/cv.pdf  used on input line 56.
(pdftex.def)             Requested size: 597.50682pt x 845.04504pt.
File: cv/cv.pdf Graphic file (type pdf)
<use cv/cv.pdf>
Package pdftex.def Info: cv/cv.pdf  used on input line 56.
(pdftex.def)             Requested size: 597.50682pt x 845.04504pt.
<cv/cv.pdf, id=3206, page=1, 597.50829pt x 845.0471pt>
File: cv/cv.pdf Graphic file (type pdf)
<use cv/cv.pdf, page 1>
Package pdftex.def Info: cv/cv.pdf , page1 used on input line 56.
(pdftex.def)             Requested size: 597.50682pt x 845.04504pt.
File: cv/cv.pdf Graphic file (type pdf)
<use cv/cv.pdf, page 1>
Package pdftex.def Info: cv/cv.pdf , page1 used on input line 56.
(pdftex.def)             Requested size: 562.12285pt x 795.00201pt.
pdfTeX warning (ext4): destination with the same identifier (name{page.}) has b
een already used, duplicate ignored
<to be read again> 
                   \relax 
l.56 \includepdf[pages=-]{cv/cv.pdf}
                                     [2

]
File: cv/cv.pdf Graphic file (type pdf)
<use cv/cv.pdf, page 1>
Package pdftex.def Info: cv/cv.pdf , page1 used on input line 56.
(pdftex.def)             Requested size: 562.12285pt x 795.00201pt.
File: cv/cv.pdf Graphic file (type pdf)
<use cv/cv.pdf, page 1>
Package pdftex.def Info: cv/cv.pdf , page1 used on input line 56.
(pdftex.def)             Requested size: 562.12285pt x 795.00201pt.
pdfTeX warning (ext4): destination with the same identifier (name{page.}) has b
een already used, duplicate ignored
<to be read again> 
                   \relax 
l.56 \includepdf[pages=-]{cv/cv.pdf}
                                    
File: cv/cv.pdf Graphic file (type pdf)
<use cv/cv.pdf, page 1>
Package pdftex.def Info: cv/cv.pdf , page1 used on input line 56.
(pdftex.def)             Requested size: 562.12285pt x 795.00201pt.
 [3 <./cv/cv.pdf>]
<cv/cv.pdf, id=3249, page=2, 597.50829pt x 845.0471pt>
File: cv/cv.pdf Graphic file (type pdf)
<use cv/cv.pdf, page 2>
Package pdftex.def Info: cv/cv.pdf , page2 used on input line 56.
(pdftex.def)             Requested size: 562.12285pt x 795.00201pt.
File: cv/cv.pdf Graphic file (type pdf)
<use cv/cv.pdf, page 2>
Package pdftex.def Info: cv/cv.pdf , page2 used on input line 56.
(pdftex.def)             Requested size: 562.12285pt x 795.00201pt.
pdfTeX warning (ext4): destination with the same identifier (name{page.}) has b
een already used, duplicate ignored
<to be read again> 
                   \relax 
l.56 \includepdf[pages=-]{cv/cv.pdf}
                                    
File: cv/cv.pdf Graphic file (type pdf)
<use cv/cv.pdf, page 2>
Package pdftex.def Info: cv/cv.pdf , page2 used on input line 56.
(pdftex.def)             Requested size: 562.12285pt x 795.00201pt.
 [4 <./cv/cv.pdf>]
<cv/cv.pdf, id=3254, page=3, 597.50829pt x 845.0471pt>
File: cv/cv.pdf Graphic file (type pdf)
<use cv/cv.pdf, page 3>
Package pdftex.def Info: cv/cv.pdf , page3 used on input line 56.
(pdftex.def)             Requested size: 562.12285pt x 795.00201pt.
File: cv/cv.pdf Graphic file (type pdf)
<use cv/cv.pdf, page 3>
Package pdftex.def Info: cv/cv.pdf , page3 used on input line 56.
(pdftex.def)             Requested size: 562.12285pt x 795.00201pt.
pdfTeX warning (ext4): destination with the same identifier (name{page.}) has b
een already used, duplicate ignored
<to be read again> 
                   \relax 
l.56 \includepdf[pages=-]{cv/cv.pdf}
                                    
File: cv/cv.pdf Graphic file (type pdf)
<use cv/cv.pdf, page 3>
Package pdftex.def Info: cv/cv.pdf , page3 used on input line 56.
(pdftex.def)             Requested size: 562.12285pt x 795.00201pt.
 [5 <./cv/cv.pdf>]
<cv/cv.pdf, id=3272, page=4, 597.50829pt x 845.0471pt>
File: cv/cv.pdf Graphic file (type pdf)
<use cv/cv.pdf, page 4>
Package pdftex.def Info: cv/cv.pdf , page4 used on input line 56.
(pdftex.def)             Requested size: 562.12285pt x 795.00201pt.
File: cv/cv.pdf Graphic file (type pdf)
<use cv/cv.pdf, page 4>
Package pdftex.def Info: cv/cv.pdf , page4 used on input line 56.
(pdftex.def)             Requested size: 562.12285pt x 795.00201pt.
pdfTeX warning (ext4): destination with the same identifier (name{page.}) has b
een already used, duplicate ignored
<to be read again> 
                   \relax 
l.56 \includepdf[pages=-]{cv/cv.pdf}
                                    
File: cv/cv.pdf Graphic file (type pdf)
<use cv/cv.pdf, page 4>
Package pdftex.def Info: cv/cv.pdf , page4 used on input line 56.
(pdftex.def)             Requested size: 562.12285pt x 795.00201pt.
 [6 <./cv/cv.pdf>]))
Package atveryend Info: Empty hook `BeforeClearDocument' on input line 93.
Package atveryend Info: Empty hook `AfterLastShipout' on input line 93.
 (./dissertation.aux)
Package atveryend Info: Executing hook `AtVeryEndDocument' on input line 93.
Package atveryend Info: Executing hook `AtEndAfterFileList' on input line 93.
Package rerunfilecheck Info: File `dissertation.out' has not changed.
(rerunfilecheck)             Checksum: 9C23F7B23DD1916783AF0CCC8DDEA1E4;7291.


LaTeX Warning: There were multiply-defined labels.

Package atveryend Info: Empty hook `AtVeryVeryEnd' on input line 93.
 ) 
Here is how much of TeX's memory you used:
 25849 strings out of 481239
 468366 string characters out of 5920377
 935400 words of memory out of 5000000
 39561 multiletter control sequences out of 15000+600000
 550047 words of font info for 154 fonts, out of 8000000 for 9000
 1141 hyphenation exceptions out of 8191
 60i,18n,60p,918b,1515s stack positions out of 5000i,500n,10000p,200000b,80000s
{/usr/share/texmf/fonts/enc/dvips/cm-super/cm-super-ts1.enc}</usr/share/texli
ve/texmf-dist/fonts/type1/public/amsfonts/cm/cmbx10.pfb></usr/share/texlive/tex
mf-dist/fonts/type1/public/amsfonts/cm/cmbxti10.pfb></usr/share/texlive/texmf-d
ist/fonts/type1/public/amsfonts/cm/cmcsc10.pfb></usr/share/texlive/texmf-dist/f
onts/type1/public/amsfonts/cm/cmex10.pfb></usr/share/texlive/texmf-dist/fonts/t
ype1/public/amsfonts/cm/cmmi10.pfb></usr/share/texlive/texmf-dist/fonts/type1/p
ublic/amsfonts/cm/cmmi6.pfb></usr/share/texlive/texmf-dist/fonts/type1/public/a
msfonts/cm/cmmi7.pfb></usr/share/texlive/texmf-dist/fonts/type1/public/amsfonts
/cm/cmmi8.pfb></usr/share/texlive/texmf-dist/fonts/type1/public/amsfonts/cm/cmr
10.pfb></usr/share/texlive/texmf-dist/fonts/type1/public/amsfonts/cm/cmr12.pfb>
</usr/share/texlive/texmf-dist/fonts/type1/public/amsfonts/cm/cmr8.pfb></usr/sh
are/texlive/texmf-dist/fonts/type1/public/amsfonts/cm/cmr9.pfb></usr/share/texl
ive/texmf-dist/fonts/type1/public/amsfonts/cm/cmsl10.pfb></usr/share/texlive/te
xmf-dist/fonts/type1/public/amsfonts/cm/cmss9.pfb></usr/share/texlive/texmf-dis
t/fonts/type1/public/amsfonts/cm/cmssbx10.pfb></usr/share/texlive/texmf-dist/fo
nts/type1/public/amsfonts/cm/cmssi9.pfb></usr/share/texlive/texmf-dist/fonts/ty
pe1/public/amsfonts/cm/cmsy10.pfb></usr/share/texlive/texmf-dist/fonts/type1/pu
blic/amsfonts/cm/cmsy8.pfb></usr/share/texlive/texmf-dist/fonts/type1/public/am
sfonts/cm/cmti10.pfb></usr/share/texlive/texmf-dist/fonts/type1/public/amsfonts
/cm/cmtt10.pfb></usr/share/texmf/fonts/type1/public/lm/lmb10.pfb></usr/share/te
xmf/fonts/type1/public/cm-super/sfrm1000.pfb></usr/share/texmf/fonts/type1/publ
ic/cm-super/sfrm1095.pfb></usr/share/texmf/fonts/type1/public/cm-super/sfrm1440
.pfb>
Output written on dissertation.pdf (201 pages, 10085617 bytes).
PDF statistics:
 3486 PDF objects out of 3580 (max. 8388607)
 2971 compressed objects within 30 object streams
 673 named destinations out of 1000 (max. 500000)
 26229 words of extra memory for PDF output out of 29859 (max. 10000000)

